[29-Apr-2019 19:39:53 UTC] PHP Fatal error:  Uncaught exception 'PDOException' with message 'SQLSTATE[HY093]: Invalid parameter number: no parameters were bound' in /home/ubuntu/workspace/cst336/practice/p11/api/checkAnswer.php:17
Stack trace:
#0 /home/ubuntu/workspace/cst336/practice/p11/api/checkAnswer.php(17): PDOStatement->execute()
#1 {main}
  thrown in /home/ubuntu/workspace/cst336/practice/p11/api/checkAnswer.php on line 17
[29-Apr-2019 19:48:02 UTC] PHP Fatal error:  Uncaught exception 'PDOException' with message 'SQLSTATE[HY093]: Invalid parameter number: no parameters were bound' in /home/ubuntu/workspace/cst336/practice/p11/api/checkAnswer.php:17
Stack trace:
#0 /home/ubuntu/workspace/cst336/practice/p11/api/checkAnswer.php(17): PDOStatement->execute()
#1 {main}
  thrown in /home/ubuntu/workspace/cst336/practice/p11/api/checkAnswer.php on line 17
[29-Apr-2019 19:48:10 UTC] PHP Fatal error:  Uncaught exception 'PDOException' with message 'SQLSTATE[HY093]: Invalid parameter number: no parameters were bound' in /home/ubuntu/workspace/cst336/practice/p11/api/checkAnswer.php:17
Stack trace:
#0 /home/ubuntu/workspace/cst336/practice/p11/api/checkAnswer.php(17): PDOStatement->execute()
#1 {main}
  thrown in /home/ubuntu/workspace/cst336/practice/p11/api/checkAnswer.php on line 17
[29-Apr-2019 19:48:56 UTC] PHP Fatal error:  Uncaught exception 'PDOException' with message 'SQLSTATE[HY093]: Invalid parameter number: no parameters were bound' in /home/ubuntu/workspace/cst336/practice/p11/api/checkAnswer.php:17
Stack trace:
#0 /home/ubuntu/workspace/cst336/practice/p11/api/checkAnswer.php(17): PDOStatement->execute()
#1 {main}
  thrown in /home/ubuntu/workspace/cst336/practice/p11/api/checkAnswer.php on line 17
[29-Apr-2019 19:54:44 UTC] PHP Fatal error:  Uncaught exception 'PDOException' with message 'SQLSTATE[42000]: Syntax error or access violation: 1064 You have an error in your SQL syntax; check the manual that corresponds to your MySQL server version for the right syntax to use near ''algoodwin@csumb.edu'' at line 1' in /home/ubuntu/workspace/cst336/practice/p11/api/checkAnswer.php:17
Stack trace:
#0 /home/ubuntu/workspace/cst336/practice/p11/api/checkAnswer.php(17): PDOStatement->execute(Array)
#1 {main}
  thrown in /home/ubuntu/workspace/cst336/practice/p11/api/checkAnswer.php on line 17
[29-Apr-2019 20:01:25 UTC] PHP Fatal error:  Uncaught exception 'PDOException' with message 'SQLSTATE[42000]: Syntax error or access violation: 1064 You have an error in your SQL syntax; check the manual that corresponds to your MySQL server version for the right syntax to use near '''' at line 1' in /home/ubuntu/workspace/cst336/practice/p11/api/checkAnswer.php:17
Stack trace:
#0 /home/ubuntu/workspace/cst336/practice/p11/api/checkAnswer.php(17): PDOStatement->execute(Array)
#1 {main}
  thrown in /home/ubuntu/workspace/cst336/practice/p11/api/checkAnswer.php on line 17
[29-Apr-2019 20:01:29 UTC] PHP Fatal error:  Uncaught exception 'PDOException' with message 'SQLSTATE[42000]: Syntax error or access violation: 1064 You have an error in your SQL syntax; check the manual that corresponds to your MySQL server version for the right syntax to use near '''' at line 1' in /home/ubuntu/workspace/cst336/practice/p11/api/checkAnswer.php:17
Stack trace:
#0 /home/ubuntu/workspace/cst336/practice/p11/api/checkAnswer.php(17): PDOStatement->execute(Array)
#1 {main}
  thrown in /home/ubuntu/workspace/cst336/practice/p11/api/checkAnswer.php on line 17
[29-Apr-2019 20:04:04 UTC] PHP Fatal error:  Uncaught exception 'PDOException' with message 'SQLSTATE[42000]: Syntax error or access violation: 1064 You have an error in your SQL syntax; check the manual that corresponds to your MySQL server version for the right syntax to use near '''' at line 1' in /home/ubuntu/workspace/cst336/practice/p11/api/checkAnswer.php:17
Stack trace:
#0 /home/ubuntu/workspace/cst336/practice/p11/api/checkAnswer.php(17): PDOStatement->execute(Array)
#1 {main}
  thrown in /home/ubuntu/workspace/cst336/practice/p11/api/checkAnswer.php on line 17
[29-Apr-2019 20:04:06 UTC] PHP Fatal error:  Uncaught exception 'PDOException' with message 'SQLSTATE[42000]: Syntax error or access violation: 1064 You have an error in your SQL syntax; check the manual that corresponds to your MySQL server version for the right syntax to use near '''' at line 1' in /home/ubuntu/workspace/cst336/practice/p11/api/checkAnswer.php:17
Stack trace:
#0 /home/ubuntu/workspace/cst336/practice/p11/api/checkAnswer.php(17): PDOStatement->execute(Array)
#1 {main}
  thrown in /home/ubuntu/workspace/cst336/practice/p11/api/checkAnswer.php on line 17
[29-Apr-2019 20:05:51 UTC] PHP Fatal error:  Uncaught exception 'PDOException' with message 'SQLSTATE[42000]: Syntax error or access violation: 1064 You have an error in your SQL syntax; check the manual that corresponds to your MySQL server version for the right syntax to use near '''' at line 1' in /home/ubuntu/workspace/cst336/practice/p11/api/checkAnswer.php:17
Stack trace:
#0 /home/ubuntu/workspace/cst336/practice/p11/api/checkAnswer.php(17): PDOStatement->execute(Array)
#1 {main}
  thrown in /home/ubuntu/workspace/cst336/practice/p11/api/checkAnswer.php on line 17
[29-Apr-2019 20:05:53 UTC] PHP Fatal error:  Uncaught exception 'PDOException' with message 'SQLSTATE[42000]: Syntax error or access violation: 1064 You have an error in your SQL syntax; check the manual that corresponds to your MySQL server version for the right syntax to use near '''' at line 1' in /home/ubuntu/workspace/cst336/practice/p11/api/checkAnswer.php:17
Stack trace:
#0 /home/ubuntu/workspace/cst336/practice/p11/api/checkAnswer.php(17): PDOStatement->execute(Array)
#1 {main}
  thrown in /home/ubuntu/workspace/cst336/practice/p11/api/checkAnswer.php on line 17
