[17-Apr-2019 00:16:39 UTC] PHP Warning:  shuffle() expects parameter 1 to be array, null given in /home/ubuntu/workspace/cst336/labs/lab8/api/pixabayProxy.php on line 37
[17-Apr-2019 00:16:39 UTC] PHP Stack trace:
[17-Apr-2019 00:16:39 UTC] PHP   1. {main}() /home/ubuntu/workspace/cst336/labs/lab8/api/pixabayProxy.php:0
[17-Apr-2019 00:16:39 UTC] PHP   2. shuffle() /home/ubuntu/workspace/cst336/labs/lab8/api/pixabayProxy.php:37
[23-Apr-2019 22:52:58 UTC] PHP Fatal error:  Uncaught exception 'PDOException' with message 'SQLSTATE[42S02]: Base table or view not found: 1146 Table 'c9.lab_gallery' doesn't exist' in /home/ubuntu/workspace/cst336/labs/lab8/api/favoritesAPI.php:25
Stack trace:
#0 /home/ubuntu/workspace/cst336/labs/lab8/api/favoritesAPI.php(25): PDOStatement->execute(Array)
#1 {main}
  thrown in /home/ubuntu/workspace/cst336/labs/lab8/api/favoritesAPI.php on line 25
[23-Apr-2019 22:54:17 UTC] PHP Fatal error:  Uncaught exception 'PDOException' with message 'SQLSTATE[42S22]: Column not found: 1054 Unknown column 'favorite' in 'field list'' in /home/ubuntu/workspace/cst336/labs/lab8/api/favoritesAPI.php:25
Stack trace:
#0 /home/ubuntu/workspace/cst336/labs/lab8/api/favoritesAPI.php(25): PDOStatement->execute(Array)
#1 {main}
  thrown in /home/ubuntu/workspace/cst336/labs/lab8/api/favoritesAPI.php on line 25
[24-Apr-2019 00:39:54 UTC] PHP Fatal error:  Uncaught exception 'PDOException' with message 'SQLSTATE[42000]: Syntax error or access violation: 1065 Query was empty' in /home/ubuntu/workspace/cst336/labs/lab8/api/favoritesAPI.php:30
Stack trace:
#0 /home/ubuntu/workspace/cst336/labs/lab8/api/favoritesAPI.php(30): PDOStatement->execute(Array)
#1 {main}
  thrown in /home/ubuntu/workspace/cst336/labs/lab8/api/favoritesAPI.php on line 30
[24-Apr-2019 00:40:18 UTC] PHP Fatal error:  Uncaught exception 'PDOException' with message 'SQLSTATE[42000]: Syntax error or access violation: 1065 Query was empty' in /home/ubuntu/workspace/cst336/labs/lab8/api/favoritesAPI.php:30
Stack trace:
#0 /home/ubuntu/workspace/cst336/labs/lab8/api/favoritesAPI.php(30): PDOStatement->execute(Array)
#1 {main}
  thrown in /home/ubuntu/workspace/cst336/labs/lab8/api/favoritesAPI.php on line 30
[24-Apr-2019 00:40:34 UTC] PHP Fatal error:  Uncaught exception 'PDOException' with message 'SQLSTATE[42000]: Syntax error or access violation: 1065 Query was empty' in /home/ubuntu/workspace/cst336/labs/lab8/api/favoritesAPI.php:30
Stack trace:
#0 /home/ubuntu/workspace/cst336/labs/lab8/api/favoritesAPI.php(30): PDOStatement->execute(Array)
#1 {main}
  thrown in /home/ubuntu/workspace/cst336/labs/lab8/api/favoritesAPI.php on line 30
[24-Apr-2019 00:40:39 UTC] PHP Fatal error:  Uncaught exception 'PDOException' with message 'SQLSTATE[42000]: Syntax error or access violation: 1065 Query was empty' in /home/ubuntu/workspace/cst336/labs/lab8/api/favoritesAPI.php:30
Stack trace:
#0 /home/ubuntu/workspace/cst336/labs/lab8/api/favoritesAPI.php(30): PDOStatement->execute(Array)
#1 {main}
  thrown in /home/ubuntu/workspace/cst336/labs/lab8/api/favoritesAPI.php on line 30
[24-Apr-2019 00:40:40 UTC] PHP Fatal error:  Uncaught exception 'PDOException' with message 'SQLSTATE[42000]: Syntax error or access violation: 1065 Query was empty' in /home/ubuntu/workspace/cst336/labs/lab8/api/favoritesAPI.php:30
Stack trace:
#0 /home/ubuntu/workspace/cst336/labs/lab8/api/favoritesAPI.php(30): PDOStatement->execute(Array)
#1 {main}
  thrown in /home/ubuntu/workspace/cst336/labs/lab8/api/favoritesAPI.php on line 30
[24-Apr-2019 00:41:38 UTC] PHP Fatal error:  Uncaught exception 'PDOException' with message 'SQLSTATE[42000]: Syntax error or access violation: 1065 Query was empty' in /home/ubuntu/workspace/cst336/labs/lab8/api/favoritesAPI.php:30
Stack trace:
#0 /home/ubuntu/workspace/cst336/labs/lab8/api/favoritesAPI.php(30): PDOStatement->execute(Array)
#1 {main}
  thrown in /home/ubuntu/workspace/cst336/labs/lab8/api/favoritesAPI.php on line 30
[24-Apr-2019 00:51:19 UTC] PHP Fatal error:  Uncaught exception 'PDOException' with message 'SQLSTATE[42000]: Syntax error or access violation: 1065 Query was empty' in /home/ubuntu/workspace/cst336/labs/lab8/api/favoritesAPI.php:32
Stack trace:
#0 /home/ubuntu/workspace/cst336/labs/lab8/api/favoritesAPI.php(32): PDOStatement->execute(Array)
#1 {main}
  thrown in /home/ubuntu/workspace/cst336/labs/lab8/api/favoritesAPI.php on line 32
[24-Apr-2019 02:15:55 UTC] PHP Fatal error:  Uncaught exception 'PDOException' with message 'SQLSTATE[42000]: Syntax error or access violation: 1065 Query was empty' in /home/ubuntu/workspace/cst336/labs/lab8/api/favoritesAPI.php:32
Stack trace:
#0 /home/ubuntu/workspace/cst336/labs/lab8/api/favoritesAPI.php(32): PDOStatement->execute(Array)
#1 {main}
  thrown in /home/ubuntu/workspace/cst336/labs/lab8/api/favoritesAPI.php on line 32
[24-Apr-2019 02:29:08 UTC] PHP Fatal error:  Uncaught exception 'PDOException' with message 'SQLSTATE[42000]: Syntax error or access violation: 1065 Query was empty' in /home/ubuntu/workspace/cst336/labs/lab8/api/favoritesAPI.php:32
Stack trace:
#0 /home/ubuntu/workspace/cst336/labs/lab8/api/favoritesAPI.php(32): PDOStatement->execute(Array)
#1 {main}
  thrown in /home/ubuntu/workspace/cst336/labs/lab8/api/favoritesAPI.php on line 32
[24-Apr-2019 02:54:16 UTC] PHP Fatal error:  Uncaught exception 'PDOException' with message 'SQLSTATE[42000]: Syntax error or access violation: 1065 Query was empty' in /home/ubuntu/workspace/cst336/labs/lab8/api/favoritesAPI.php:32
Stack trace:
#0 /home/ubuntu/workspace/cst336/labs/lab8/api/favoritesAPI.php(32): PDOStatement->execute(Array)
#1 {main}
  thrown in /home/ubuntu/workspace/cst336/labs/lab8/api/favoritesAPI.php on line 32
[24-Apr-2019 02:55:41 UTC] PHP Fatal error:  Uncaught exception 'PDOException' with message 'SQLSTATE[42000]: Syntax error or access violation: 1065 Query was empty' in /home/ubuntu/workspace/cst336/labs/lab8/api/favoritesAPI.php:32
Stack trace:
#0 /home/ubuntu/workspace/cst336/labs/lab8/api/favoritesAPI.php(32): PDOStatement->execute(Array)
#1 {main}
  thrown in /home/ubuntu/workspace/cst336/labs/lab8/api/favoritesAPI.php on line 32
[24-Apr-2019 02:57:28 UTC] PHP Fatal error:  Uncaught exception 'PDOException' with message 'SQLSTATE[42000]: Syntax error or access violation: 1065 Query was empty' in /home/ubuntu/workspace/cst336/labs/lab8/api/favoritesAPI.php:32
Stack trace:
#0 /home/ubuntu/workspace/cst336/labs/lab8/api/favoritesAPI.php(32): PDOStatement->execute(Array)
#1 {main}
  thrown in /home/ubuntu/workspace/cst336/labs/lab8/api/favoritesAPI.php on line 32
[24-Apr-2019 02:57:38 UTC] PHP Fatal error:  Uncaught exception 'PDOException' with message 'SQLSTATE[42000]: Syntax error or access violation: 1065 Query was empty' in /home/ubuntu/workspace/cst336/labs/lab8/api/favoritesAPI.php:32
Stack trace:
#0 /home/ubuntu/workspace/cst336/labs/lab8/api/favoritesAPI.php(32): PDOStatement->execute(Array)
#1 {main}
  thrown in /home/ubuntu/workspace/cst336/labs/lab8/api/favoritesAPI.php on line 32
[24-Apr-2019 02:57:39 UTC] PHP Fatal error:  Uncaught exception 'PDOException' with message 'SQLSTATE[42000]: Syntax error or access violation: 1065 Query was empty' in /home/ubuntu/workspace/cst336/labs/lab8/api/favoritesAPI.php:32
Stack trace:
#0 /home/ubuntu/workspace/cst336/labs/lab8/api/favoritesAPI.php(32): PDOStatement->execute(Array)
#1 {main}
  thrown in /home/ubuntu/workspace/cst336/labs/lab8/api/favoritesAPI.php on line 32
[24-Apr-2019 02:57:41 UTC] PHP Fatal error:  Uncaught exception 'PDOException' with message 'SQLSTATE[42000]: Syntax error or access violation: 1065 Query was empty' in /home/ubuntu/workspace/cst336/labs/lab8/api/favoritesAPI.php:32
Stack trace:
#0 /home/ubuntu/workspace/cst336/labs/lab8/api/favoritesAPI.php(32): PDOStatement->execute(Array)
#1 {main}
  thrown in /home/ubuntu/workspace/cst336/labs/lab8/api/favoritesAPI.php on line 32
[24-Apr-2019 03:11:38 UTC] PHP Fatal error:  Uncaught exception 'PDOException' with message 'SQLSTATE[42000]: Syntax error or access violation: 1065 Query was empty' in /home/ubuntu/workspace/cst336/labs/lab8/api/favoritesAPI.php:32
Stack trace:
#0 /home/ubuntu/workspace/cst336/labs/lab8/api/favoritesAPI.php(32): PDOStatement->execute(Array)
#1 {main}
  thrown in /home/ubuntu/workspace/cst336/labs/lab8/api/favoritesAPI.php on line 32
[24-Apr-2019 03:11:44 UTC] PHP Fatal error:  Uncaught exception 'PDOException' with message 'SQLSTATE[42000]: Syntax error or access violation: 1065 Query was empty' in /home/ubuntu/workspace/cst336/labs/lab8/api/favoritesAPI.php:32
Stack trace:
#0 /home/ubuntu/workspace/cst336/labs/lab8/api/favoritesAPI.php(32): PDOStatement->execute(Array)
#1 {main}
  thrown in /home/ubuntu/workspace/cst336/labs/lab8/api/favoritesAPI.php on line 32
[24-Apr-2019 03:11:44 UTC] PHP Fatal error:  Uncaught exception 'PDOException' with message 'SQLSTATE[42000]: Syntax error or access violation: 1065 Query was empty' in /home/ubuntu/workspace/cst336/labs/lab8/api/favoritesAPI.php:32
Stack trace:
#0 /home/ubuntu/workspace/cst336/labs/lab8/api/favoritesAPI.php(32): PDOStatement->execute(Array)
#1 {main}
  thrown in /home/ubuntu/workspace/cst336/labs/lab8/api/favoritesAPI.php on line 32
[24-Apr-2019 03:11:45 UTC] PHP Fatal error:  Uncaught exception 'PDOException' with message 'SQLSTATE[42000]: Syntax error or access violation: 1065 Query was empty' in /home/ubuntu/workspace/cst336/labs/lab8/api/favoritesAPI.php:32
Stack trace:
#0 /home/ubuntu/workspace/cst336/labs/lab8/api/favoritesAPI.php(32): PDOStatement->execute(Array)
#1 {main}
  thrown in /home/ubuntu/workspace/cst336/labs/lab8/api/favoritesAPI.php on line 32
[24-Apr-2019 03:11:47 UTC] PHP Fatal error:  Uncaught exception 'PDOException' with message 'SQLSTATE[42000]: Syntax error or access violation: 1065 Query was empty' in /home/ubuntu/workspace/cst336/labs/lab8/api/favoritesAPI.php:32
Stack trace:
#0 /home/ubuntu/workspace/cst336/labs/lab8/api/favoritesAPI.php(32): PDOStatement->execute(Array)
#1 {main}
  thrown in /home/ubuntu/workspace/cst336/labs/lab8/api/favoritesAPI.php on line 32
[24-Apr-2019 03:11:48 UTC] PHP Fatal error:  Uncaught exception 'PDOException' with message 'SQLSTATE[42000]: Syntax error or access violation: 1065 Query was empty' in /home/ubuntu/workspace/cst336/labs/lab8/api/favoritesAPI.php:32
Stack trace:
#0 /home/ubuntu/workspace/cst336/labs/lab8/api/favoritesAPI.php(32): PDOStatement->execute(Array)
#1 {main}
  thrown in /home/ubuntu/workspace/cst336/labs/lab8/api/favoritesAPI.php on line 32
[24-Apr-2019 03:41:58 UTC] PHP Fatal error:  Uncaught exception 'PDOException' with message 'SQLSTATE[HY000]: General error' in /home/ubuntu/workspace/cst336/labs/lab8/api/favoritesAPI.php:35
Stack trace:
#0 /home/ubuntu/workspace/cst336/labs/lab8/api/favoritesAPI.php(35): PDOStatement->fetchAll(2)
#1 {main}
  thrown in /home/ubuntu/workspace/cst336/labs/lab8/api/favoritesAPI.php on line 35
[25-Apr-2019 23:37:58 UTC] PHP Fatal error:  Uncaught exception 'PDOException' with message 'SQLSTATE[HY000]: General error' in /home/ubuntu/workspace/cst336/labs/lab8/api/favoritesAPI.php:32
Stack trace:
#0 /home/ubuntu/workspace/cst336/labs/lab8/api/favoritesAPI.php(32): PDOStatement->fetchAll(2)
#1 {main}
  thrown in /home/ubuntu/workspace/cst336/labs/lab8/api/favoritesAPI.php on line 32
[25-Apr-2019 23:38:23 UTC] PHP Fatal error:  Uncaught exception 'PDOException' with message 'SQLSTATE[HY000]: General error' in /home/ubuntu/workspace/cst336/labs/lab8/api/favoritesAPI.php:32
Stack trace:
#0 /home/ubuntu/workspace/cst336/labs/lab8/api/favoritesAPI.php(32): PDOStatement->fetchAll(2)
#1 {main}
  thrown in /home/ubuntu/workspace/cst336/labs/lab8/api/favoritesAPI.php on line 32
