[23-Mar-2019 19:44:19 UTC] PHP Fatal error:  Call to a member function setAttribute() on a non-object in /home/ubuntu/workspace/cst336/labs/lab6.3/dbConnection.php on line 11
[23-Mar-2019 19:44:19 UTC] PHP Stack trace:
[23-Mar-2019 19:44:19 UTC] PHP   1. {main}() /home/ubuntu/workspace/cst336/labs/lab6.3/api/getCategories.php:0
[23-Mar-2019 19:44:19 UTC] PHP   2. getDatabaseConnection() /home/ubuntu/workspace/cst336/labs/lab6.3/api/getCategories.php:4
[23-Mar-2019 19:45:38 UTC] PHP Fatal error:  Call to a member function setAttribute() on a non-object in /home/ubuntu/workspace/cst336/labs/lab6.3/dbConnection.php on line 11
[23-Mar-2019 19:45:39 UTC] PHP Stack trace:
[23-Mar-2019 19:45:39 UTC] PHP   1. {main}() /home/ubuntu/workspace/cst336/labs/lab6.3/api/getCategories.php:0
[23-Mar-2019 19:45:39 UTC] PHP   2. getDatabaseConnection() /home/ubuntu/workspace/cst336/labs/lab6.3/api/getCategories.php:4
[23-Mar-2019 19:48:25 UTC] PHP Fatal error:  Call to a member function setAttribute() on a non-object in /home/ubuntu/workspace/cst336/labs/lab6.3/dbConnection.php on line 11
[23-Mar-2019 19:48:25 UTC] PHP Stack trace:
[23-Mar-2019 19:48:25 UTC] PHP   1. {main}() /home/ubuntu/workspace/cst336/labs/lab6.3/api/getCategories.php:0
[23-Mar-2019 19:48:25 UTC] PHP   2. getDatabaseConnection() /home/ubuntu/workspace/cst336/labs/lab6.3/api/getCategories.php:4
[23-Mar-2019 20:07:15 UTC] PHP Fatal error:  Call to a member function setAttribute() on a non-object in /home/ubuntu/workspace/cst336/labs/lab6.3/dbConnection.php on line 11
[23-Mar-2019 20:07:15 UTC] PHP Stack trace:
[23-Mar-2019 20:07:15 UTC] PHP   1. {main}() /home/ubuntu/workspace/cst336/labs/lab6.3/api/getCategories.php:0
[23-Mar-2019 20:07:15 UTC] PHP   2. getDatabaseConnection() /home/ubuntu/workspace/cst336/labs/lab6.3/api/getCategories.php:4
[23-Mar-2019 20:24:15 UTC] PHP Fatal error:  Uncaught exception 'PDOException' with message 'SQLSTATE[HY000] [1045] Access denied for user ''@'localhost' (using password: NO)' in /home/ubuntu/workspace/cst336/labs/lab6.3/dbConnection.php:11
Stack trace:
#0 /home/ubuntu/workspace/cst336/labs/lab6.3/dbConnection.php(11): PDO->__construct('mysql:host=loca...', NULL, '')
#1 /home/ubuntu/workspace/cst336/labs/lab6.3/api/getCategories.php(4): getDatabaseConnection('ottermart')
#2 {main}
  thrown in /home/ubuntu/workspace/cst336/labs/lab6.3/dbConnection.php on line 11
[23-Mar-2019 20:26:58 UTC] PHP Fatal error:  Call to undefined method PDOStatement::excute() in /home/ubuntu/workspace/cst336/labs/lab6.3/api/getCategories.php on line 9
[23-Mar-2019 20:26:58 UTC] PHP Stack trace:
[23-Mar-2019 20:26:58 UTC] PHP   1. {main}() /home/ubuntu/workspace/cst336/labs/lab6.3/api/getCategories.php:0
[23-Mar-2019 21:11:48 UTC] PHP Fatal error:  Call to a member function fetchAll() on a non-object in /home/ubuntu/workspace/cst336/labs/lab6.3/api/getCategories.php on line 10
[23-Mar-2019 21:11:48 UTC] PHP Stack trace:
[23-Mar-2019 21:11:48 UTC] PHP   1. {main}() /home/ubuntu/workspace/cst336/labs/lab6.3/api/getCategories.php:0
[24-Mar-2019 03:04:33 UTC] PHP Fatal error:  Uncaught exception 'PDOException' with message 'SQLSTATE[42S02]: Base table or view not found: 1146 Table 'ottermart.om_prduct' doesn't exist' in /home/ubuntu/workspace/cst336/labs/lab6.3/api/getSearchResults.php:19
Stack trace:
#0 /home/ubuntu/workspace/cst336/labs/lab6.3/api/getSearchResults.php(19): PDOStatement->execute(NULL)
#1 {main}
  thrown in /home/ubuntu/workspace/cst336/labs/lab6.3/api/getSearchResults.php on line 19
[24-Mar-2019 03:04:33 UTC] PHP Fatal error:  Uncaught exception 'PDOException' with message 'SQLSTATE[42S02]: Base table or view not found: 1146 Table 'ottermart.om_prduct' doesn't exist' in /home/ubuntu/workspace/cst336/labs/lab6.3/api/getSearchResults.php:19
Stack trace:
#0 /home/ubuntu/workspace/cst336/labs/lab6.3/api/getSearchResults.php(19): PDOStatement->execute(NULL)
#1 {main}
  thrown in /home/ubuntu/workspace/cst336/labs/lab6.3/api/getSearchResults.php on line 19
[24-Mar-2019 03:04:34 UTC] PHP Fatal error:  Uncaught exception 'PDOException' with message 'SQLSTATE[42S02]: Base table or view not found: 1146 Table 'ottermart.om_prduct' doesn't exist' in /home/ubuntu/workspace/cst336/labs/lab6.3/api/getSearchResults.php:19
Stack trace:
#0 /home/ubuntu/workspace/cst336/labs/lab6.3/api/getSearchResults.php(19): PDOStatement->execute(NULL)
#1 {main}
  thrown in /home/ubuntu/workspace/cst336/labs/lab6.3/api/getSearchResults.php on line 19
[24-Mar-2019 03:04:34 UTC] PHP Fatal error:  Uncaught exception 'PDOException' with message 'SQLSTATE[42S02]: Base table or view not found: 1146 Table 'ottermart.om_prduct' doesn't exist' in /home/ubuntu/workspace/cst336/labs/lab6.3/api/getSearchResults.php:19
Stack trace:
#0 /home/ubuntu/workspace/cst336/labs/lab6.3/api/getSearchResults.php(19): PDOStatement->execute(NULL)
#1 {main}
  thrown in /home/ubuntu/workspace/cst336/labs/lab6.3/api/getSearchResults.php on line 19
[24-Mar-2019 03:04:34 UTC] PHP Fatal error:  Uncaught exception 'PDOException' with message 'SQLSTATE[42S02]: Base table or view not found: 1146 Table 'ottermart.om_prduct' doesn't exist' in /home/ubuntu/workspace/cst336/labs/lab6.3/api/getSearchResults.php:19
Stack trace:
#0 /home/ubuntu/workspace/cst336/labs/lab6.3/api/getSearchResults.php(19): PDOStatement->execute(NULL)
#1 {main}
  thrown in /home/ubuntu/workspace/cst336/labs/lab6.3/api/getSearchResults.php on line 19
[24-Mar-2019 03:04:34 UTC] PHP Fatal error:  Uncaught exception 'PDOException' with message 'SQLSTATE[42S02]: Base table or view not found: 1146 Table 'ottermart.om_prduct' doesn't exist' in /home/ubuntu/workspace/cst336/labs/lab6.3/api/getSearchResults.php:19
Stack trace:
#0 /home/ubuntu/workspace/cst336/labs/lab6.3/api/getSearchResults.php(19): PDOStatement->execute(NULL)
#1 {main}
  thrown in /home/ubuntu/workspace/cst336/labs/lab6.3/api/getSearchResults.php on line 19
[24-Mar-2019 03:04:34 UTC] PHP Fatal error:  Uncaught exception 'PDOException' with message 'SQLSTATE[42S02]: Base table or view not found: 1146 Table 'ottermart.om_prduct' doesn't exist' in /home/ubuntu/workspace/cst336/labs/lab6.3/api/getSearchResults.php:19
Stack trace:
#0 /home/ubuntu/workspace/cst336/labs/lab6.3/api/getSearchResults.php(19): PDOStatement->execute(NULL)
#1 {main}
  thrown in /home/ubuntu/workspace/cst336/labs/lab6.3/api/getSearchResults.php on line 19
[24-Mar-2019 03:04:35 UTC] PHP Fatal error:  Uncaught exception 'PDOException' with message 'SQLSTATE[42S02]: Base table or view not found: 1146 Table 'ottermart.om_prduct' doesn't exist' in /home/ubuntu/workspace/cst336/labs/lab6.3/api/getSearchResults.php:19
Stack trace:
#0 /home/ubuntu/workspace/cst336/labs/lab6.3/api/getSearchResults.php(19): PDOStatement->execute(NULL)
#1 {main}
  thrown in /home/ubuntu/workspace/cst336/labs/lab6.3/api/getSearchResults.php on line 19
[24-Mar-2019 03:04:35 UTC] PHP Fatal error:  Uncaught exception 'PDOException' with message 'SQLSTATE[42S02]: Base table or view not found: 1146 Table 'ottermart.om_prduct' doesn't exist' in /home/ubuntu/workspace/cst336/labs/lab6.3/api/getSearchResults.php:19
Stack trace:
#0 /home/ubuntu/workspace/cst336/labs/lab6.3/api/getSearchResults.php(19): PDOStatement->execute(NULL)
#1 {main}
  thrown in /home/ubuntu/workspace/cst336/labs/lab6.3/api/getSearchResults.php on line 19
[24-Mar-2019 03:04:35 UTC] PHP Fatal error:  Uncaught exception 'PDOException' with message 'SQLSTATE[42S02]: Base table or view not found: 1146 Table 'ottermart.om_prduct' doesn't exist' in /home/ubuntu/workspace/cst336/labs/lab6.3/api/getSearchResults.php:19
Stack trace:
#0 /home/ubuntu/workspace/cst336/labs/lab6.3/api/getSearchResults.php(19): PDOStatement->execute(NULL)
#1 {main}
  thrown in /home/ubuntu/workspace/cst336/labs/lab6.3/api/getSearchResults.php on line 19
[24-Mar-2019 03:04:36 UTC] PHP Fatal error:  Uncaught exception 'PDOException' with message 'SQLSTATE[42S02]: Base table or view not found: 1146 Table 'ottermart.om_prduct' doesn't exist' in /home/ubuntu/workspace/cst336/labs/lab6.3/api/getSearchResults.php:19
Stack trace:
#0 /home/ubuntu/workspace/cst336/labs/lab6.3/api/getSearchResults.php(19): PDOStatement->execute(NULL)
#1 {main}
  thrown in /home/ubuntu/workspace/cst336/labs/lab6.3/api/getSearchResults.php on line 19
[24-Mar-2019 03:04:40 UTC] PHP Fatal error:  Uncaught exception 'PDOException' with message 'SQLSTATE[HY093]: Invalid parameter number: no parameters were bound' in /home/ubuntu/workspace/cst336/labs/lab6.3/api/getSearchResults.php:19
Stack trace:
#0 /home/ubuntu/workspace/cst336/labs/lab6.3/api/getSearchResults.php(19): PDOStatement->execute(NULL)
#1 {main}
  thrown in /home/ubuntu/workspace/cst336/labs/lab6.3/api/getSearchResults.php on line 19
[24-Mar-2019 03:04:41 UTC] PHP Fatal error:  Uncaught exception 'PDOException' with message 'SQLSTATE[HY093]: Invalid parameter number: no parameters were bound' in /home/ubuntu/workspace/cst336/labs/lab6.3/api/getSearchResults.php:19
Stack trace:
#0 /home/ubuntu/workspace/cst336/labs/lab6.3/api/getSearchResults.php(19): PDOStatement->execute(NULL)
#1 {main}
  thrown in /home/ubuntu/workspace/cst336/labs/lab6.3/api/getSearchResults.php on line 19
[24-Mar-2019 03:04:41 UTC] PHP Fatal error:  Uncaught exception 'PDOException' with message 'SQLSTATE[HY093]: Invalid parameter number: no parameters were bound' in /home/ubuntu/workspace/cst336/labs/lab6.3/api/getSearchResults.php:19
Stack trace:
#0 /home/ubuntu/workspace/cst336/labs/lab6.3/api/getSearchResults.php(19): PDOStatement->execute(NULL)
#1 {main}
  thrown in /home/ubuntu/workspace/cst336/labs/lab6.3/api/getSearchResults.php on line 19
[24-Mar-2019 03:04:47 UTC] PHP Fatal error:  Uncaught exception 'PDOException' with message 'SQLSTATE[HY093]: Invalid parameter number: no parameters were bound' in /home/ubuntu/workspace/cst336/labs/lab6.3/api/getSearchResults.php:19
Stack trace:
#0 /home/ubuntu/workspace/cst336/labs/lab6.3/api/getSearchResults.php(19): PDOStatement->execute(NULL)
#1 {main}
  thrown in /home/ubuntu/workspace/cst336/labs/lab6.3/api/getSearchResults.php on line 19
[24-Mar-2019 03:04:47 UTC] PHP Fatal error:  Uncaught exception 'PDOException' with message 'SQLSTATE[HY093]: Invalid parameter number: no parameters were bound' in /home/ubuntu/workspace/cst336/labs/lab6.3/api/getSearchResults.php:19
Stack trace:
#0 /home/ubuntu/workspace/cst336/labs/lab6.3/api/getSearchResults.php(19): PDOStatement->execute(NULL)
#1 {main}
  thrown in /home/ubuntu/workspace/cst336/labs/lab6.3/api/getSearchResults.php on line 19
[24-Mar-2019 03:04:47 UTC] PHP Fatal error:  Uncaught exception 'PDOException' with message 'SQLSTATE[HY093]: Invalid parameter number: no parameters were bound' in /home/ubuntu/workspace/cst336/labs/lab6.3/api/getSearchResults.php:19
Stack trace:
#0 /home/ubuntu/workspace/cst336/labs/lab6.3/api/getSearchResults.php(19): PDOStatement->execute(NULL)
#1 {main}
  thrown in /home/ubuntu/workspace/cst336/labs/lab6.3/api/getSearchResults.php on line 19
[24-Mar-2019 03:05:08 UTC] PHP Fatal error:  Uncaught exception 'PDOException' with message 'SQLSTATE[HY093]: Invalid parameter number: no parameters were bound' in /home/ubuntu/workspace/cst336/labs/lab6.3/api/getSearchResults.php:19
Stack trace:
#0 /home/ubuntu/workspace/cst336/labs/lab6.3/api/getSearchResults.php(19): PDOStatement->execute(NULL)
#1 {main}
  thrown in /home/ubuntu/workspace/cst336/labs/lab6.3/api/getSearchResults.php on line 19
[24-Mar-2019 03:05:09 UTC] PHP Fatal error:  Uncaught exception 'PDOException' with message 'SQLSTATE[HY093]: Invalid parameter number: no parameters were bound' in /home/ubuntu/workspace/cst336/labs/lab6.3/api/getSearchResults.php:19
Stack trace:
#0 /home/ubuntu/workspace/cst336/labs/lab6.3/api/getSearchResults.php(19): PDOStatement->execute(NULL)
#1 {main}
  thrown in /home/ubuntu/workspace/cst336/labs/lab6.3/api/getSearchResults.php on line 19
[24-Mar-2019 03:05:09 UTC] PHP Fatal error:  Uncaught exception 'PDOException' with message 'SQLSTATE[HY093]: Invalid parameter number: no parameters were bound' in /home/ubuntu/workspace/cst336/labs/lab6.3/api/getSearchResults.php:19
Stack trace:
#0 /home/ubuntu/workspace/cst336/labs/lab6.3/api/getSearchResults.php(19): PDOStatement->execute(NULL)
#1 {main}
  thrown in /home/ubuntu/workspace/cst336/labs/lab6.3/api/getSearchResults.php on line 19
[24-Mar-2019 03:05:09 UTC] PHP Fatal error:  Uncaught exception 'PDOException' with message 'SQLSTATE[HY093]: Invalid parameter number: no parameters were bound' in /home/ubuntu/workspace/cst336/labs/lab6.3/api/getSearchResults.php:19
Stack trace:
#0 /home/ubuntu/workspace/cst336/labs/lab6.3/api/getSearchResults.php(19): PDOStatement->execute(NULL)
#1 {main}
  thrown in /home/ubuntu/workspace/cst336/labs/lab6.3/api/getSearchResults.php on line 19
[24-Mar-2019 03:05:10 UTC] PHP Fatal error:  Uncaught exception 'PDOException' with message 'SQLSTATE[HY093]: Invalid parameter number: no parameters were bound' in /home/ubuntu/workspace/cst336/labs/lab6.3/api/getSearchResults.php:19
Stack trace:
#0 /home/ubuntu/workspace/cst336/labs/lab6.3/api/getSearchResults.php(19): PDOStatement->execute(NULL)
#1 {main}
  thrown in /home/ubuntu/workspace/cst336/labs/lab6.3/api/getSearchResults.php on line 19
[24-Mar-2019 03:05:10 UTC] PHP Fatal error:  Uncaught exception 'PDOException' with message 'SQLSTATE[HY093]: Invalid parameter number: no parameters were bound' in /home/ubuntu/workspace/cst336/labs/lab6.3/api/getSearchResults.php:19
Stack trace:
#0 /home/ubuntu/workspace/cst336/labs/lab6.3/api/getSearchResults.php(19): PDOStatement->execute(NULL)
#1 {main}
  thrown in /home/ubuntu/workspace/cst336/labs/lab6.3/api/getSearchResults.php on line 19
[24-Mar-2019 03:05:10 UTC] PHP Fatal error:  Uncaught exception 'PDOException' with message 'SQLSTATE[HY093]: Invalid parameter number: no parameters were bound' in /home/ubuntu/workspace/cst336/labs/lab6.3/api/getSearchResults.php:19
Stack trace:
#0 /home/ubuntu/workspace/cst336/labs/lab6.3/api/getSearchResults.php(19): PDOStatement->execute(NULL)
#1 {main}
  thrown in /home/ubuntu/workspace/cst336/labs/lab6.3/api/getSearchResults.php on line 19
[24-Mar-2019 03:05:11 UTC] PHP Fatal error:  Uncaught exception 'PDOException' with message 'SQLSTATE[HY093]: Invalid parameter number: no parameters were bound' in /home/ubuntu/workspace/cst336/labs/lab6.3/api/getSearchResults.php:19
Stack trace:
#0 /home/ubuntu/workspace/cst336/labs/lab6.3/api/getSearchResults.php(19): PDOStatement->execute(NULL)
#1 {main}
  thrown in /home/ubuntu/workspace/cst336/labs/lab6.3/api/getSearchResults.php on line 19
[24-Mar-2019 03:05:11 UTC] PHP Fatal error:  Uncaught exception 'PDOException' with message 'SQLSTATE[HY093]: Invalid parameter number: no parameters were bound' in /home/ubuntu/workspace/cst336/labs/lab6.3/api/getSearchResults.php:19
Stack trace:
#0 /home/ubuntu/workspace/cst336/labs/lab6.3/api/getSearchResults.php(19): PDOStatement->execute(NULL)
#1 {main}
  thrown in /home/ubuntu/workspace/cst336/labs/lab6.3/api/getSearchResults.php on line 19
[24-Mar-2019 03:05:28 UTC] PHP Fatal error:  Uncaught exception 'PDOException' with message 'SQLSTATE[HY093]: Invalid parameter number: no parameters were bound' in /home/ubuntu/workspace/cst336/labs/lab6.3/api/getSearchResults.php:19
Stack trace:
#0 /home/ubuntu/workspace/cst336/labs/lab6.3/api/getSearchResults.php(19): PDOStatement->execute(NULL)
#1 {main}
  thrown in /home/ubuntu/workspace/cst336/labs/lab6.3/api/getSearchResults.php on line 19
[24-Mar-2019 03:05:28 UTC] PHP Fatal error:  Uncaught exception 'PDOException' with message 'SQLSTATE[HY093]: Invalid parameter number: no parameters were bound' in /home/ubuntu/workspace/cst336/labs/lab6.3/api/getSearchResults.php:19
Stack trace:
#0 /home/ubuntu/workspace/cst336/labs/lab6.3/api/getSearchResults.php(19): PDOStatement->execute(NULL)
#1 {main}
  thrown in /home/ubuntu/workspace/cst336/labs/lab6.3/api/getSearchResults.php on line 19
[24-Mar-2019 03:05:41 UTC] PHP Fatal error:  Uncaught exception 'PDOException' with message 'SQLSTATE[HY093]: Invalid parameter number: no parameters were bound' in /home/ubuntu/workspace/cst336/labs/lab6.3/api/getSearchResults.php:19
Stack trace:
#0 /home/ubuntu/workspace/cst336/labs/lab6.3/api/getSearchResults.php(19): PDOStatement->execute(NULL)
#1 {main}
  thrown in /home/ubuntu/workspace/cst336/labs/lab6.3/api/getSearchResults.php on line 19
[24-Mar-2019 03:05:42 UTC] PHP Fatal error:  Uncaught exception 'PDOException' with message 'SQLSTATE[HY093]: Invalid parameter number: no parameters were bound' in /home/ubuntu/workspace/cst336/labs/lab6.3/api/getSearchResults.php:19
Stack trace:
#0 /home/ubuntu/workspace/cst336/labs/lab6.3/api/getSearchResults.php(19): PDOStatement->execute(NULL)
#1 {main}
  thrown in /home/ubuntu/workspace/cst336/labs/lab6.3/api/getSearchResults.php on line 19
[24-Mar-2019 03:05:42 UTC] PHP Fatal error:  Uncaught exception 'PDOException' with message 'SQLSTATE[HY093]: Invalid parameter number: no parameters were bound' in /home/ubuntu/workspace/cst336/labs/lab6.3/api/getSearchResults.php:19
Stack trace:
#0 /home/ubuntu/workspace/cst336/labs/lab6.3/api/getSearchResults.php(19): PDOStatement->execute(NULL)
#1 {main}
  thrown in /home/ubuntu/workspace/cst336/labs/lab6.3/api/getSearchResults.php on line 19
[24-Mar-2019 03:05:43 UTC] PHP Fatal error:  Uncaught exception 'PDOException' with message 'SQLSTATE[HY093]: Invalid parameter number: no parameters were bound' in /home/ubuntu/workspace/cst336/labs/lab6.3/api/getSearchResults.php:19
Stack trace:
#0 /home/ubuntu/workspace/cst336/labs/lab6.3/api/getSearchResults.php(19): PDOStatement->execute(NULL)
#1 {main}
  thrown in /home/ubuntu/workspace/cst336/labs/lab6.3/api/getSearchResults.php on line 19
[24-Mar-2019 03:05:45 UTC] PHP Fatal error:  Uncaught exception 'PDOException' with message 'SQLSTATE[HY093]: Invalid parameter number: no parameters were bound' in /home/ubuntu/workspace/cst336/labs/lab6.3/api/getSearchResults.php:19
Stack trace:
#0 /home/ubuntu/workspace/cst336/labs/lab6.3/api/getSearchResults.php(19): PDOStatement->execute(NULL)
#1 {main}
  thrown in /home/ubuntu/workspace/cst336/labs/lab6.3/api/getSearchResults.php on line 19
[24-Mar-2019 03:05:45 UTC] PHP Fatal error:  Uncaught exception 'PDOException' with message 'SQLSTATE[HY093]: Invalid parameter number: no parameters were bound' in /home/ubuntu/workspace/cst336/labs/lab6.3/api/getSearchResults.php:19
Stack trace:
#0 /home/ubuntu/workspace/cst336/labs/lab6.3/api/getSearchResults.php(19): PDOStatement->execute(NULL)
#1 {main}
  thrown in /home/ubuntu/workspace/cst336/labs/lab6.3/api/getSearchResults.php on line 19
[24-Mar-2019 03:05:45 UTC] PHP Fatal error:  Uncaught exception 'PDOException' with message 'SQLSTATE[HY093]: Invalid parameter number: no parameters were bound' in /home/ubuntu/workspace/cst336/labs/lab6.3/api/getSearchResults.php:19
Stack trace:
#0 /home/ubuntu/workspace/cst336/labs/lab6.3/api/getSearchResults.php(19): PDOStatement->execute(NULL)
#1 {main}
  thrown in /home/ubuntu/workspace/cst336/labs/lab6.3/api/getSearchResults.php on line 19
[24-Mar-2019 03:05:45 UTC] PHP Fatal error:  Uncaught exception 'PDOException' with message 'SQLSTATE[HY093]: Invalid parameter number: no parameters were bound' in /home/ubuntu/workspace/cst336/labs/lab6.3/api/getSearchResults.php:19
Stack trace:
#0 /home/ubuntu/workspace/cst336/labs/lab6.3/api/getSearchResults.php(19): PDOStatement->execute(NULL)
#1 {main}
  thrown in /home/ubuntu/workspace/cst336/labs/lab6.3/api/getSearchResults.php on line 19
[24-Mar-2019 03:06:29 UTC] PHP Fatal error:  Uncaught exception 'PDOException' with message 'SQLSTATE[HY093]: Invalid parameter number: no parameters were bound' in /home/ubuntu/workspace/cst336/labs/lab6.3/api/getSearchResults.php:19
Stack trace:
#0 /home/ubuntu/workspace/cst336/labs/lab6.3/api/getSearchResults.php(19): PDOStatement->execute(NULL)
#1 {main}
  thrown in /home/ubuntu/workspace/cst336/labs/lab6.3/api/getSearchResults.php on line 19
[24-Mar-2019 03:06:30 UTC] PHP Fatal error:  Uncaught exception 'PDOException' with message 'SQLSTATE[HY093]: Invalid parameter number: no parameters were bound' in /home/ubuntu/workspace/cst336/labs/lab6.3/api/getSearchResults.php:19
Stack trace:
#0 /home/ubuntu/workspace/cst336/labs/lab6.3/api/getSearchResults.php(19): PDOStatement->execute(NULL)
#1 {main}
  thrown in /home/ubuntu/workspace/cst336/labs/lab6.3/api/getSearchResults.php on line 19
[24-Mar-2019 03:06:30 UTC] PHP Fatal error:  Uncaught exception 'PDOException' with message 'SQLSTATE[HY093]: Invalid parameter number: no parameters were bound' in /home/ubuntu/workspace/cst336/labs/lab6.3/api/getSearchResults.php:19
Stack trace:
#0 /home/ubuntu/workspace/cst336/labs/lab6.3/api/getSearchResults.php(19): PDOStatement->execute(NULL)
#1 {main}
  thrown in /home/ubuntu/workspace/cst336/labs/lab6.3/api/getSearchResults.php on line 19
[24-Mar-2019 03:06:30 UTC] PHP Fatal error:  Uncaught exception 'PDOException' with message 'SQLSTATE[HY093]: Invalid parameter number: no parameters were bound' in /home/ubuntu/workspace/cst336/labs/lab6.3/api/getSearchResults.php:19
Stack trace:
#0 /home/ubuntu/workspace/cst336/labs/lab6.3/api/getSearchResults.php(19): PDOStatement->execute(NULL)
#1 {main}
  thrown in /home/ubuntu/workspace/cst336/labs/lab6.3/api/getSearchResults.php on line 19
[24-Mar-2019 03:07:20 UTC] PHP Fatal error:  Uncaught exception 'PDOException' with message 'SQLSTATE[HY093]: Invalid parameter number: no parameters were bound' in /home/ubuntu/workspace/cst336/labs/lab6.3/api/getSearchResults.php:19
Stack trace:
#0 /home/ubuntu/workspace/cst336/labs/lab6.3/api/getSearchResults.php(19): PDOStatement->execute(NULL)
#1 {main}
  thrown in /home/ubuntu/workspace/cst336/labs/lab6.3/api/getSearchResults.php on line 19
[24-Mar-2019 03:07:20 UTC] PHP Fatal error:  Uncaught exception 'PDOException' with message 'SQLSTATE[HY093]: Invalid parameter number: no parameters were bound' in /home/ubuntu/workspace/cst336/labs/lab6.3/api/getSearchResults.php:19
Stack trace:
#0 /home/ubuntu/workspace/cst336/labs/lab6.3/api/getSearchResults.php(19): PDOStatement->execute(NULL)
#1 {main}
  thrown in /home/ubuntu/workspace/cst336/labs/lab6.3/api/getSearchResults.php on line 19
[24-Mar-2019 03:15:04 UTC] PHP Fatal error:  Uncaught exception 'PDOException' with message 'SQLSTATE[HY093]: Invalid parameter number: no parameters were bound' in /home/ubuntu/workspace/cst336/labs/lab6.3/api/getSearchResults.php:19
Stack trace:
#0 /home/ubuntu/workspace/cst336/labs/lab6.3/api/getSearchResults.php(19): PDOStatement->execute(NULL)
#1 {main}
  thrown in /home/ubuntu/workspace/cst336/labs/lab6.3/api/getSearchResults.php on line 19
[24-Mar-2019 03:15:04 UTC] PHP Fatal error:  Uncaught exception 'PDOException' with message 'SQLSTATE[HY093]: Invalid parameter number: no parameters were bound' in /home/ubuntu/workspace/cst336/labs/lab6.3/api/getSearchResults.php:19
Stack trace:
#0 /home/ubuntu/workspace/cst336/labs/lab6.3/api/getSearchResults.php(19): PDOStatement->execute(NULL)
#1 {main}
  thrown in /home/ubuntu/workspace/cst336/labs/lab6.3/api/getSearchResults.php on line 19
[24-Mar-2019 03:15:04 UTC] PHP Fatal error:  Uncaught exception 'PDOException' with message 'SQLSTATE[HY093]: Invalid parameter number: no parameters were bound' in /home/ubuntu/workspace/cst336/labs/lab6.3/api/getSearchResults.php:19
Stack trace:
#0 /home/ubuntu/workspace/cst336/labs/lab6.3/api/getSearchResults.php(19): PDOStatement->execute(NULL)
#1 {main}
  thrown in /home/ubuntu/workspace/cst336/labs/lab6.3/api/getSearchResults.php on line 19
[24-Mar-2019 03:15:05 UTC] PHP Fatal error:  Uncaught exception 'PDOException' with message 'SQLSTATE[HY093]: Invalid parameter number: no parameters were bound' in /home/ubuntu/workspace/cst336/labs/lab6.3/api/getSearchResults.php:19
Stack trace:
#0 /home/ubuntu/workspace/cst336/labs/lab6.3/api/getSearchResults.php(19): PDOStatement->execute(NULL)
#1 {main}
  thrown in /home/ubuntu/workspace/cst336/labs/lab6.3/api/getSearchResults.php on line 19
[24-Mar-2019 03:15:05 UTC] PHP Fatal error:  Uncaught exception 'PDOException' with message 'SQLSTATE[HY093]: Invalid parameter number: no parameters were bound' in /home/ubuntu/workspace/cst336/labs/lab6.3/api/getSearchResults.php:19
Stack trace:
#0 /home/ubuntu/workspace/cst336/labs/lab6.3/api/getSearchResults.php(19): PDOStatement->execute(NULL)
#1 {main}
  thrown in /home/ubuntu/workspace/cst336/labs/lab6.3/api/getSearchResults.php on line 19
[24-Mar-2019 03:15:06 UTC] PHP Fatal error:  Uncaught exception 'PDOException' with message 'SQLSTATE[HY093]: Invalid parameter number: no parameters were bound' in /home/ubuntu/workspace/cst336/labs/lab6.3/api/getSearchResults.php:19
Stack trace:
#0 /home/ubuntu/workspace/cst336/labs/lab6.3/api/getSearchResults.php(19): PDOStatement->execute(NULL)
#1 {main}
  thrown in /home/ubuntu/workspace/cst336/labs/lab6.3/api/getSearchResults.php on line 19
[24-Mar-2019 03:15:14 UTC] PHP Fatal error:  Uncaught exception 'PDOException' with message 'SQLSTATE[HY093]: Invalid parameter number: no parameters were bound' in /home/ubuntu/workspace/cst336/labs/lab6.3/api/getSearchResults.php:19
Stack trace:
#0 /home/ubuntu/workspace/cst336/labs/lab6.3/api/getSearchResults.php(19): PDOStatement->execute(NULL)
#1 {main}
  thrown in /home/ubuntu/workspace/cst336/labs/lab6.3/api/getSearchResults.php on line 19
[24-Mar-2019 03:15:14 UTC] PHP Fatal error:  Uncaught exception 'PDOException' with message 'SQLSTATE[HY093]: Invalid parameter number: no parameters were bound' in /home/ubuntu/workspace/cst336/labs/lab6.3/api/getSearchResults.php:19
Stack trace:
#0 /home/ubuntu/workspace/cst336/labs/lab6.3/api/getSearchResults.php(19): PDOStatement->execute(NULL)
#1 {main}
  thrown in /home/ubuntu/workspace/cst336/labs/lab6.3/api/getSearchResults.php on line 19
[24-Mar-2019 03:15:40 UTC] PHP Fatal error:  Uncaught exception 'PDOException' with message 'SQLSTATE[HY093]: Invalid parameter number: no parameters were bound' in /home/ubuntu/workspace/cst336/labs/lab6.3/api/getSearchResults.php:19
Stack trace:
#0 /home/ubuntu/workspace/cst336/labs/lab6.3/api/getSearchResults.php(19): PDOStatement->execute(NULL)
#1 {main}
  thrown in /home/ubuntu/workspace/cst336/labs/lab6.3/api/getSearchResults.php on line 19
[24-Mar-2019 03:15:41 UTC] PHP Fatal error:  Uncaught exception 'PDOException' with message 'SQLSTATE[HY093]: Invalid parameter number: no parameters were bound' in /home/ubuntu/workspace/cst336/labs/lab6.3/api/getSearchResults.php:19
Stack trace:
#0 /home/ubuntu/workspace/cst336/labs/lab6.3/api/getSearchResults.php(19): PDOStatement->execute(NULL)
#1 {main}
  thrown in /home/ubuntu/workspace/cst336/labs/lab6.3/api/getSearchResults.php on line 19
[24-Mar-2019 03:15:41 UTC] PHP Fatal error:  Uncaught exception 'PDOException' with message 'SQLSTATE[HY093]: Invalid parameter number: no parameters were bound' in /home/ubuntu/workspace/cst336/labs/lab6.3/api/getSearchResults.php:19
Stack trace:
#0 /home/ubuntu/workspace/cst336/labs/lab6.3/api/getSearchResults.php(19): PDOStatement->execute(NULL)
#1 {main}
  thrown in /home/ubuntu/workspace/cst336/labs/lab6.3/api/getSearchResults.php on line 19
[24-Mar-2019 03:15:41 UTC] PHP Fatal error:  Uncaught exception 'PDOException' with message 'SQLSTATE[HY093]: Invalid parameter number: no parameters were bound' in /home/ubuntu/workspace/cst336/labs/lab6.3/api/getSearchResults.php:19
Stack trace:
#0 /home/ubuntu/workspace/cst336/labs/lab6.3/api/getSearchResults.php(19): PDOStatement->execute(NULL)
#1 {main}
  thrown in /home/ubuntu/workspace/cst336/labs/lab6.3/api/getSearchResults.php on line 19
[24-Mar-2019 03:15:41 UTC] PHP Fatal error:  Uncaught exception 'PDOException' with message 'SQLSTATE[HY093]: Invalid parameter number: no parameters were bound' in /home/ubuntu/workspace/cst336/labs/lab6.3/api/getSearchResults.php:19
Stack trace:
#0 /home/ubuntu/workspace/cst336/labs/lab6.3/api/getSearchResults.php(19): PDOStatement->execute(NULL)
#1 {main}
  thrown in /home/ubuntu/workspace/cst336/labs/lab6.3/api/getSearchResults.php on line 19
[24-Mar-2019 03:15:49 UTC] PHP Fatal error:  Uncaught exception 'PDOException' with message 'SQLSTATE[HY093]: Invalid parameter number: no parameters were bound' in /home/ubuntu/workspace/cst336/labs/lab6.3/api/getSearchResults.php:19
Stack trace:
#0 /home/ubuntu/workspace/cst336/labs/lab6.3/api/getSearchResults.php(19): PDOStatement->execute(NULL)
#1 {main}
  thrown in /home/ubuntu/workspace/cst336/labs/lab6.3/api/getSearchResults.php on line 19
[24-Mar-2019 03:15:49 UTC] PHP Fatal error:  Uncaught exception 'PDOException' with message 'SQLSTATE[HY093]: Invalid parameter number: no parameters were bound' in /home/ubuntu/workspace/cst336/labs/lab6.3/api/getSearchResults.php:19
Stack trace:
#0 /home/ubuntu/workspace/cst336/labs/lab6.3/api/getSearchResults.php(19): PDOStatement->execute(NULL)
#1 {main}
  thrown in /home/ubuntu/workspace/cst336/labs/lab6.3/api/getSearchResults.php on line 19
[24-Mar-2019 03:15:49 UTC] PHP Fatal error:  Uncaught exception 'PDOException' with message 'SQLSTATE[HY093]: Invalid parameter number: no parameters were bound' in /home/ubuntu/workspace/cst336/labs/lab6.3/api/getSearchResults.php:19
Stack trace:
#0 /home/ubuntu/workspace/cst336/labs/lab6.3/api/getSearchResults.php(19): PDOStatement->execute(NULL)
#1 {main}
  thrown in /home/ubuntu/workspace/cst336/labs/lab6.3/api/getSearchResults.php on line 19
[24-Mar-2019 03:15:50 UTC] PHP Fatal error:  Uncaught exception 'PDOException' with message 'SQLSTATE[HY093]: Invalid parameter number: no parameters were bound' in /home/ubuntu/workspace/cst336/labs/lab6.3/api/getSearchResults.php:19
Stack trace:
#0 /home/ubuntu/workspace/cst336/labs/lab6.3/api/getSearchResults.php(19): PDOStatement->execute(NULL)
#1 {main}
  thrown in /home/ubuntu/workspace/cst336/labs/lab6.3/api/getSearchResults.php on line 19
[24-Mar-2019 03:15:50 UTC] PHP Fatal error:  Uncaught exception 'PDOException' with message 'SQLSTATE[HY093]: Invalid parameter number: no parameters were bound' in /home/ubuntu/workspace/cst336/labs/lab6.3/api/getSearchResults.php:19
Stack trace:
#0 /home/ubuntu/workspace/cst336/labs/lab6.3/api/getSearchResults.php(19): PDOStatement->execute(NULL)
#1 {main}
  thrown in /home/ubuntu/workspace/cst336/labs/lab6.3/api/getSearchResults.php on line 19
[24-Mar-2019 03:15:50 UTC] PHP Fatal error:  Uncaught exception 'PDOException' with message 'SQLSTATE[HY093]: Invalid parameter number: no parameters were bound' in /home/ubuntu/workspace/cst336/labs/lab6.3/api/getSearchResults.php:19
Stack trace:
#0 /home/ubuntu/workspace/cst336/labs/lab6.3/api/getSearchResults.php(19): PDOStatement->execute(NULL)
#1 {main}
  thrown in /home/ubuntu/workspace/cst336/labs/lab6.3/api/getSearchResults.php on line 19
[24-Mar-2019 03:15:50 UTC] PHP Fatal error:  Uncaught exception 'PDOException' with message 'SQLSTATE[HY093]: Invalid parameter number: no parameters were bound' in /home/ubuntu/workspace/cst336/labs/lab6.3/api/getSearchResults.php:19
Stack trace:
#0 /home/ubuntu/workspace/cst336/labs/lab6.3/api/getSearchResults.php(19): PDOStatement->execute(NULL)
#1 {main}
  thrown in /home/ubuntu/workspace/cst336/labs/lab6.3/api/getSearchResults.php on line 19
[24-Mar-2019 03:17:15 UTC] PHP Fatal error:  Uncaught exception 'PDOException' with message 'SQLSTATE[HY093]: Invalid parameter number: no parameters were bound' in /home/ubuntu/workspace/cst336/labs/lab6.3/api/getSearchResults.php:19
Stack trace:
#0 /home/ubuntu/workspace/cst336/labs/lab6.3/api/getSearchResults.php(19): PDOStatement->execute(NULL)
#1 {main}
  thrown in /home/ubuntu/workspace/cst336/labs/lab6.3/api/getSearchResults.php on line 19
[24-Mar-2019 03:17:16 UTC] PHP Fatal error:  Uncaught exception 'PDOException' with message 'SQLSTATE[HY093]: Invalid parameter number: no parameters were bound' in /home/ubuntu/workspace/cst336/labs/lab6.3/api/getSearchResults.php:19
Stack trace:
#0 /home/ubuntu/workspace/cst336/labs/lab6.3/api/getSearchResults.php(19): PDOStatement->execute(NULL)
#1 {main}
  thrown in /home/ubuntu/workspace/cst336/labs/lab6.3/api/getSearchResults.php on line 19
[24-Mar-2019 03:17:16 UTC] PHP Fatal error:  Uncaught exception 'PDOException' with message 'SQLSTATE[HY093]: Invalid parameter number: no parameters were bound' in /home/ubuntu/workspace/cst336/labs/lab6.3/api/getSearchResults.php:19
Stack trace:
#0 /home/ubuntu/workspace/cst336/labs/lab6.3/api/getSearchResults.php(19): PDOStatement->execute(NULL)
#1 {main}
  thrown in /home/ubuntu/workspace/cst336/labs/lab6.3/api/getSearchResults.php on line 19
[24-Mar-2019 03:17:16 UTC] PHP Fatal error:  Uncaught exception 'PDOException' with message 'SQLSTATE[HY093]: Invalid parameter number: no parameters were bound' in /home/ubuntu/workspace/cst336/labs/lab6.3/api/getSearchResults.php:19
Stack trace:
#0 /home/ubuntu/workspace/cst336/labs/lab6.3/api/getSearchResults.php(19): PDOStatement->execute(NULL)
#1 {main}
  thrown in /home/ubuntu/workspace/cst336/labs/lab6.3/api/getSearchResults.php on line 19
[24-Mar-2019 03:17:17 UTC] PHP Fatal error:  Uncaught exception 'PDOException' with message 'SQLSTATE[HY093]: Invalid parameter number: no parameters were bound' in /home/ubuntu/workspace/cst336/labs/lab6.3/api/getSearchResults.php:19
Stack trace:
#0 /home/ubuntu/workspace/cst336/labs/lab6.3/api/getSearchResults.php(19): PDOStatement->execute(NULL)
#1 {main}
  thrown in /home/ubuntu/workspace/cst336/labs/lab6.3/api/getSearchResults.php on line 19
[24-Mar-2019 03:17:17 UTC] PHP Fatal error:  Uncaught exception 'PDOException' with message 'SQLSTATE[HY093]: Invalid parameter number: no parameters were bound' in /home/ubuntu/workspace/cst336/labs/lab6.3/api/getSearchResults.php:19
Stack trace:
#0 /home/ubuntu/workspace/cst336/labs/lab6.3/api/getSearchResults.php(19): PDOStatement->execute(NULL)
#1 {main}
  thrown in /home/ubuntu/workspace/cst336/labs/lab6.3/api/getSearchResults.php on line 19
[24-Mar-2019 03:17:17 UTC] PHP Fatal error:  Uncaught exception 'PDOException' with message 'SQLSTATE[HY093]: Invalid parameter number: no parameters were bound' in /home/ubuntu/workspace/cst336/labs/lab6.3/api/getSearchResults.php:19
Stack trace:
#0 /home/ubuntu/workspace/cst336/labs/lab6.3/api/getSearchResults.php(19): PDOStatement->execute(NULL)
#1 {main}
  thrown in /home/ubuntu/workspace/cst336/labs/lab6.3/api/getSearchResults.php on line 19
[24-Mar-2019 03:17:17 UTC] PHP Fatal error:  Uncaught exception 'PDOException' with message 'SQLSTATE[HY093]: Invalid parameter number: no parameters were bound' in /home/ubuntu/workspace/cst336/labs/lab6.3/api/getSearchResults.php:19
Stack trace:
#0 /home/ubuntu/workspace/cst336/labs/lab6.3/api/getSearchResults.php(19): PDOStatement->execute(NULL)
#1 {main}
  thrown in /home/ubuntu/workspace/cst336/labs/lab6.3/api/getSearchResults.php on line 19
[24-Mar-2019 03:17:18 UTC] PHP Fatal error:  Uncaught exception 'PDOException' with message 'SQLSTATE[HY093]: Invalid parameter number: no parameters were bound' in /home/ubuntu/workspace/cst336/labs/lab6.3/api/getSearchResults.php:19
Stack trace:
#0 /home/ubuntu/workspace/cst336/labs/lab6.3/api/getSearchResults.php(19): PDOStatement->execute(NULL)
#1 {main}
  thrown in /home/ubuntu/workspace/cst336/labs/lab6.3/api/getSearchResults.php on line 19
[24-Mar-2019 03:17:18 UTC] PHP Fatal error:  Uncaught exception 'PDOException' with message 'SQLSTATE[HY093]: Invalid parameter number: no parameters were bound' in /home/ubuntu/workspace/cst336/labs/lab6.3/api/getSearchResults.php:19
Stack trace:
#0 /home/ubuntu/workspace/cst336/labs/lab6.3/api/getSearchResults.php(19): PDOStatement->execute(NULL)
#1 {main}
  thrown in /home/ubuntu/workspace/cst336/labs/lab6.3/api/getSearchResults.php on line 19
[24-Mar-2019 03:17:18 UTC] PHP Fatal error:  Uncaught exception 'PDOException' with message 'SQLSTATE[HY093]: Invalid parameter number: no parameters were bound' in /home/ubuntu/workspace/cst336/labs/lab6.3/api/getSearchResults.php:19
Stack trace:
#0 /home/ubuntu/workspace/cst336/labs/lab6.3/api/getSearchResults.php(19): PDOStatement->execute(NULL)
#1 {main}
  thrown in /home/ubuntu/workspace/cst336/labs/lab6.3/api/getSearchResults.php on line 19
[24-Mar-2019 03:17:19 UTC] PHP Fatal error:  Uncaught exception 'PDOException' with message 'SQLSTATE[HY093]: Invalid parameter number: no parameters were bound' in /home/ubuntu/workspace/cst336/labs/lab6.3/api/getSearchResults.php:19
Stack trace:
#0 /home/ubuntu/workspace/cst336/labs/lab6.3/api/getSearchResults.php(19): PDOStatement->execute(NULL)
#1 {main}
  thrown in /home/ubuntu/workspace/cst336/labs/lab6.3/api/getSearchResults.php on line 19
[24-Mar-2019 03:18:54 UTC] PHP Fatal error:  Uncaught exception 'PDOException' with message 'SQLSTATE[42S02]: Base table or view not found: 1146 Table 'ottermart.om_prduct' doesn't exist' in /home/ubuntu/workspace/cst336/labs/lab6.3/api/getSearchResults.php:19
Stack trace:
#0 /home/ubuntu/workspace/cst336/labs/lab6.3/api/getSearchResults.php(19): PDOStatement->execute(NULL)
#1 {main}
  thrown in /home/ubuntu/workspace/cst336/labs/lab6.3/api/getSearchResults.php on line 19
[24-Mar-2019 03:18:58 UTC] PHP Fatal error:  Uncaught exception 'PDOException' with message 'SQLSTATE[42S02]: Base table or view not found: 1146 Table 'ottermart.om_prduct' doesn't exist' in /home/ubuntu/workspace/cst336/labs/lab6.3/api/getSearchResults.php:19
Stack trace:
#0 /home/ubuntu/workspace/cst336/labs/lab6.3/api/getSearchResults.php(19): PDOStatement->execute(NULL)
#1 {main}
  thrown in /home/ubuntu/workspace/cst336/labs/lab6.3/api/getSearchResults.php on line 19
[24-Mar-2019 03:19:44 UTC] PHP Fatal error:  Uncaught exception 'PDOException' with message 'SQLSTATE[42S02]: Base table or view not found: 1146 Table 'ottermart.om_prduct' doesn't exist' in /home/ubuntu/workspace/cst336/labs/lab6.3/api/getSearchResults.php:19
Stack trace:
#0 /home/ubuntu/workspace/cst336/labs/lab6.3/api/getSearchResults.php(19): PDOStatement->execute(NULL)
#1 {main}
  thrown in /home/ubuntu/workspace/cst336/labs/lab6.3/api/getSearchResults.php on line 19
[24-Mar-2019 03:19:44 UTC] PHP Fatal error:  Uncaught exception 'PDOException' with message 'SQLSTATE[42S02]: Base table or view not found: 1146 Table 'ottermart.om_prduct' doesn't exist' in /home/ubuntu/workspace/cst336/labs/lab6.3/api/getSearchResults.php:19
Stack trace:
#0 /home/ubuntu/workspace/cst336/labs/lab6.3/api/getSearchResults.php(19): PDOStatement->execute(NULL)
#1 {main}
  thrown in /home/ubuntu/workspace/cst336/labs/lab6.3/api/getSearchResults.php on line 19
[24-Mar-2019 03:19:44 UTC] PHP Fatal error:  Uncaught exception 'PDOException' with message 'SQLSTATE[42S02]: Base table or view not found: 1146 Table 'ottermart.om_prduct' doesn't exist' in /home/ubuntu/workspace/cst336/labs/lab6.3/api/getSearchResults.php:19
Stack trace:
#0 /home/ubuntu/workspace/cst336/labs/lab6.3/api/getSearchResults.php(19): PDOStatement->execute(NULL)
#1 {main}
  thrown in /home/ubuntu/workspace/cst336/labs/lab6.3/api/getSearchResults.php on line 19
[24-Mar-2019 03:19:44 UTC] PHP Fatal error:  Uncaught exception 'PDOException' with message 'SQLSTATE[42S02]: Base table or view not found: 1146 Table 'ottermart.om_prduct' doesn't exist' in /home/ubuntu/workspace/cst336/labs/lab6.3/api/getSearchResults.php:19
Stack trace:
#0 /home/ubuntu/workspace/cst336/labs/lab6.3/api/getSearchResults.php(19): PDOStatement->execute(NULL)
#1 {main}
  thrown in /home/ubuntu/workspace/cst336/labs/lab6.3/api/getSearchResults.php on line 19
[24-Mar-2019 03:21:44 UTC] PHP Fatal error:  Uncaught exception 'PDOException' with message 'SQLSTATE[42S02]: Base table or view not found: 1146 Table 'ottermart.om_prduct' doesn't exist' in /home/ubuntu/workspace/cst336/labs/lab6.3/api/getSearchResults.php:19
Stack trace:
#0 /home/ubuntu/workspace/cst336/labs/lab6.3/api/getSearchResults.php(19): PDOStatement->execute(NULL)
#1 {main}
  thrown in /home/ubuntu/workspace/cst336/labs/lab6.3/api/getSearchResults.php on line 19
[24-Mar-2019 03:21:44 UTC] PHP Fatal error:  Uncaught exception 'PDOException' with message 'SQLSTATE[42S02]: Base table or view not found: 1146 Table 'ottermart.om_prduct' doesn't exist' in /home/ubuntu/workspace/cst336/labs/lab6.3/api/getSearchResults.php:19
Stack trace:
#0 /home/ubuntu/workspace/cst336/labs/lab6.3/api/getSearchResults.php(19): PDOStatement->execute(NULL)
#1 {main}
  thrown in /home/ubuntu/workspace/cst336/labs/lab6.3/api/getSearchResults.php on line 19
[24-Mar-2019 03:21:44 UTC] PHP Fatal error:  Uncaught exception 'PDOException' with message 'SQLSTATE[42S02]: Base table or view not found: 1146 Table 'ottermart.om_prduct' doesn't exist' in /home/ubuntu/workspace/cst336/labs/lab6.3/api/getSearchResults.php:19
Stack trace:
#0 /home/ubuntu/workspace/cst336/labs/lab6.3/api/getSearchResults.php(19): PDOStatement->execute(NULL)
#1 {main}
  thrown in /home/ubuntu/workspace/cst336/labs/lab6.3/api/getSearchResults.php on line 19
[24-Mar-2019 03:21:45 UTC] PHP Fatal error:  Uncaught exception 'PDOException' with message 'SQLSTATE[42S02]: Base table or view not found: 1146 Table 'ottermart.om_prduct' doesn't exist' in /home/ubuntu/workspace/cst336/labs/lab6.3/api/getSearchResults.php:19
Stack trace:
#0 /home/ubuntu/workspace/cst336/labs/lab6.3/api/getSearchResults.php(19): PDOStatement->execute(NULL)
#1 {main}
  thrown in /home/ubuntu/workspace/cst336/labs/lab6.3/api/getSearchResults.php on line 19
[24-Mar-2019 03:21:45 UTC] PHP Fatal error:  Uncaught exception 'PDOException' with message 'SQLSTATE[42S02]: Base table or view not found: 1146 Table 'ottermart.om_prduct' doesn't exist' in /home/ubuntu/workspace/cst336/labs/lab6.3/api/getSearchResults.php:19
Stack trace:
#0 /home/ubuntu/workspace/cst336/labs/lab6.3/api/getSearchResults.php(19): PDOStatement->execute(NULL)
#1 {main}
  thrown in /home/ubuntu/workspace/cst336/labs/lab6.3/api/getSearchResults.php on line 19
[24-Mar-2019 03:25:37 UTC] PHP Fatal error:  Uncaught exception 'PDOException' with message 'SQLSTATE[HY093]: Invalid parameter number: no parameters were bound' in /home/ubuntu/workspace/cst336/labs/lab6.3/api/getSearchResults.php:19
Stack trace:
#0 /home/ubuntu/workspace/cst336/labs/lab6.3/api/getSearchResults.php(19): PDOStatement->execute(NULL)
#1 {main}
  thrown in /home/ubuntu/workspace/cst336/labs/lab6.3/api/getSearchResults.php on line 19
[24-Mar-2019 03:25:37 UTC] PHP Fatal error:  Uncaught exception 'PDOException' with message 'SQLSTATE[HY093]: Invalid parameter number: no parameters were bound' in /home/ubuntu/workspace/cst336/labs/lab6.3/api/getSearchResults.php:19
Stack trace:
#0 /home/ubuntu/workspace/cst336/labs/lab6.3/api/getSearchResults.php(19): PDOStatement->execute(NULL)
#1 {main}
  thrown in /home/ubuntu/workspace/cst336/labs/lab6.3/api/getSearchResults.php on line 19
[24-Mar-2019 03:25:38 UTC] PHP Fatal error:  Uncaught exception 'PDOException' with message 'SQLSTATE[HY093]: Invalid parameter number: no parameters were bound' in /home/ubuntu/workspace/cst336/labs/lab6.3/api/getSearchResults.php:19
Stack trace:
#0 /home/ubuntu/workspace/cst336/labs/lab6.3/api/getSearchResults.php(19): PDOStatement->execute(NULL)
#1 {main}
  thrown in /home/ubuntu/workspace/cst336/labs/lab6.3/api/getSearchResults.php on line 19
[24-Mar-2019 03:25:56 UTC] PHP Fatal error:  Uncaught exception 'PDOException' with message 'SQLSTATE[HY093]: Invalid parameter number: no parameters were bound' in /home/ubuntu/workspace/cst336/labs/lab6.3/api/getSearchResults.php:19
Stack trace:
#0 /home/ubuntu/workspace/cst336/labs/lab6.3/api/getSearchResults.php(19): PDOStatement->execute(NULL)
#1 {main}
  thrown in /home/ubuntu/workspace/cst336/labs/lab6.3/api/getSearchResults.php on line 19
[24-Mar-2019 03:25:56 UTC] PHP Fatal error:  Uncaught exception 'PDOException' with message 'SQLSTATE[HY093]: Invalid parameter number: no parameters were bound' in /home/ubuntu/workspace/cst336/labs/lab6.3/api/getSearchResults.php:19
Stack trace:
#0 /home/ubuntu/workspace/cst336/labs/lab6.3/api/getSearchResults.php(19): PDOStatement->execute(NULL)
#1 {main}
  thrown in /home/ubuntu/workspace/cst336/labs/lab6.3/api/getSearchResults.php on line 19
[24-Mar-2019 03:25:56 UTC] PHP Fatal error:  Uncaught exception 'PDOException' with message 'SQLSTATE[HY093]: Invalid parameter number: no parameters were bound' in /home/ubuntu/workspace/cst336/labs/lab6.3/api/getSearchResults.php:19
Stack trace:
#0 /home/ubuntu/workspace/cst336/labs/lab6.3/api/getSearchResults.php(19): PDOStatement->execute(NULL)
#1 {main}
  thrown in /home/ubuntu/workspace/cst336/labs/lab6.3/api/getSearchResults.php on line 19
[24-Mar-2019 03:25:57 UTC] PHP Fatal error:  Uncaught exception 'PDOException' with message 'SQLSTATE[HY093]: Invalid parameter number: no parameters were bound' in /home/ubuntu/workspace/cst336/labs/lab6.3/api/getSearchResults.php:19
Stack trace:
#0 /home/ubuntu/workspace/cst336/labs/lab6.3/api/getSearchResults.php(19): PDOStatement->execute(NULL)
#1 {main}
  thrown in /home/ubuntu/workspace/cst336/labs/lab6.3/api/getSearchResults.php on line 19
[24-Mar-2019 03:25:57 UTC] PHP Fatal error:  Uncaught exception 'PDOException' with message 'SQLSTATE[HY093]: Invalid parameter number: no parameters were bound' in /home/ubuntu/workspace/cst336/labs/lab6.3/api/getSearchResults.php:19
Stack trace:
#0 /home/ubuntu/workspace/cst336/labs/lab6.3/api/getSearchResults.php(19): PDOStatement->execute(NULL)
#1 {main}
  thrown in /home/ubuntu/workspace/cst336/labs/lab6.3/api/getSearchResults.php on line 19
[24-Mar-2019 03:25:57 UTC] PHP Fatal error:  Uncaught exception 'PDOException' with message 'SQLSTATE[HY093]: Invalid parameter number: no parameters were bound' in /home/ubuntu/workspace/cst336/labs/lab6.3/api/getSearchResults.php:19
Stack trace:
#0 /home/ubuntu/workspace/cst336/labs/lab6.3/api/getSearchResults.php(19): PDOStatement->execute(NULL)
#1 {main}
  thrown in /home/ubuntu/workspace/cst336/labs/lab6.3/api/getSearchResults.php on line 19
[24-Mar-2019 03:25:57 UTC] PHP Fatal error:  Uncaught exception 'PDOException' with message 'SQLSTATE[HY093]: Invalid parameter number: no parameters were bound' in /home/ubuntu/workspace/cst336/labs/lab6.3/api/getSearchResults.php:19
Stack trace:
#0 /home/ubuntu/workspace/cst336/labs/lab6.3/api/getSearchResults.php(19): PDOStatement->execute(NULL)
#1 {main}
  thrown in /home/ubuntu/workspace/cst336/labs/lab6.3/api/getSearchResults.php on line 19
[24-Mar-2019 03:25:58 UTC] PHP Fatal error:  Uncaught exception 'PDOException' with message 'SQLSTATE[HY093]: Invalid parameter number: no parameters were bound' in /home/ubuntu/workspace/cst336/labs/lab6.3/api/getSearchResults.php:19
Stack trace:
#0 /home/ubuntu/workspace/cst336/labs/lab6.3/api/getSearchResults.php(19): PDOStatement->execute(NULL)
#1 {main}
  thrown in /home/ubuntu/workspace/cst336/labs/lab6.3/api/getSearchResults.php on line 19
[24-Mar-2019 03:25:58 UTC] PHP Fatal error:  Uncaught exception 'PDOException' with message 'SQLSTATE[HY093]: Invalid parameter number: no parameters were bound' in /home/ubuntu/workspace/cst336/labs/lab6.3/api/getSearchResults.php:19
Stack trace:
#0 /home/ubuntu/workspace/cst336/labs/lab6.3/api/getSearchResults.php(19): PDOStatement->execute(NULL)
#1 {main}
  thrown in /home/ubuntu/workspace/cst336/labs/lab6.3/api/getSearchResults.php on line 19
[24-Mar-2019 03:25:58 UTC] PHP Fatal error:  Uncaught exception 'PDOException' with message 'SQLSTATE[HY093]: Invalid parameter number: no parameters were bound' in /home/ubuntu/workspace/cst336/labs/lab6.3/api/getSearchResults.php:19
Stack trace:
#0 /home/ubuntu/workspace/cst336/labs/lab6.3/api/getSearchResults.php(19): PDOStatement->execute(NULL)
#1 {main}
  thrown in /home/ubuntu/workspace/cst336/labs/lab6.3/api/getSearchResults.php on line 19
[24-Mar-2019 03:25:58 UTC] PHP Fatal error:  Uncaught exception 'PDOException' with message 'SQLSTATE[HY093]: Invalid parameter number: no parameters were bound' in /home/ubuntu/workspace/cst336/labs/lab6.3/api/getSearchResults.php:19
Stack trace:
#0 /home/ubuntu/workspace/cst336/labs/lab6.3/api/getSearchResults.php(19): PDOStatement->execute(NULL)
#1 {main}
  thrown in /home/ubuntu/workspace/cst336/labs/lab6.3/api/getSearchResults.php on line 19
[24-Mar-2019 03:30:17 UTC] PHP Fatal error:  Uncaught exception 'PDOException' with message 'SQLSTATE[HY093]: Invalid parameter number: no parameters were bound' in /home/ubuntu/workspace/cst336/labs/lab6.3/api/getSearchResults.php:19
Stack trace:
#0 /home/ubuntu/workspace/cst336/labs/lab6.3/api/getSearchResults.php(19): PDOStatement->execute(NULL)
#1 {main}
  thrown in /home/ubuntu/workspace/cst336/labs/lab6.3/api/getSearchResults.php on line 19
[24-Mar-2019 03:30:17 UTC] PHP Fatal error:  Uncaught exception 'PDOException' with message 'SQLSTATE[HY093]: Invalid parameter number: no parameters were bound' in /home/ubuntu/workspace/cst336/labs/lab6.3/api/getSearchResults.php:19
Stack trace:
#0 /home/ubuntu/workspace/cst336/labs/lab6.3/api/getSearchResults.php(19): PDOStatement->execute(NULL)
#1 {main}
  thrown in /home/ubuntu/workspace/cst336/labs/lab6.3/api/getSearchResults.php on line 19
[24-Mar-2019 03:30:17 UTC] PHP Fatal error:  Uncaught exception 'PDOException' with message 'SQLSTATE[HY093]: Invalid parameter number: no parameters were bound' in /home/ubuntu/workspace/cst336/labs/lab6.3/api/getSearchResults.php:19
Stack trace:
#0 /home/ubuntu/workspace/cst336/labs/lab6.3/api/getSearchResults.php(19): PDOStatement->execute(NULL)
#1 {main}
  thrown in /home/ubuntu/workspace/cst336/labs/lab6.3/api/getSearchResults.php on line 19
[24-Mar-2019 03:30:17 UTC] PHP Fatal error:  Uncaught exception 'PDOException' with message 'SQLSTATE[HY093]: Invalid parameter number: no parameters were bound' in /home/ubuntu/workspace/cst336/labs/lab6.3/api/getSearchResults.php:19
Stack trace:
#0 /home/ubuntu/workspace/cst336/labs/lab6.3/api/getSearchResults.php(19): PDOStatement->execute(NULL)
#1 {main}
  thrown in /home/ubuntu/workspace/cst336/labs/lab6.3/api/getSearchResults.php on line 19
[24-Mar-2019 03:30:18 UTC] PHP Fatal error:  Uncaught exception 'PDOException' with message 'SQLSTATE[HY093]: Invalid parameter number: no parameters were bound' in /home/ubuntu/workspace/cst336/labs/lab6.3/api/getSearchResults.php:19
Stack trace:
#0 /home/ubuntu/workspace/cst336/labs/lab6.3/api/getSearchResults.php(19): PDOStatement->execute(NULL)
#1 {main}
  thrown in /home/ubuntu/workspace/cst336/labs/lab6.3/api/getSearchResults.php on line 19
[24-Mar-2019 03:30:18 UTC] PHP Fatal error:  Uncaught exception 'PDOException' with message 'SQLSTATE[HY093]: Invalid parameter number: no parameters were bound' in /home/ubuntu/workspace/cst336/labs/lab6.3/api/getSearchResults.php:19
Stack trace:
#0 /home/ubuntu/workspace/cst336/labs/lab6.3/api/getSearchResults.php(19): PDOStatement->execute(NULL)
#1 {main}
  thrown in /home/ubuntu/workspace/cst336/labs/lab6.3/api/getSearchResults.php on line 19
[24-Mar-2019 03:30:19 UTC] PHP Fatal error:  Uncaught exception 'PDOException' with message 'SQLSTATE[HY093]: Invalid parameter number: no parameters were bound' in /home/ubuntu/workspace/cst336/labs/lab6.3/api/getSearchResults.php:19
Stack trace:
#0 /home/ubuntu/workspace/cst336/labs/lab6.3/api/getSearchResults.php(19): PDOStatement->execute(NULL)
#1 {main}
  thrown in /home/ubuntu/workspace/cst336/labs/lab6.3/api/getSearchResults.php on line 19
[24-Mar-2019 03:30:19 UTC] PHP Fatal error:  Uncaught exception 'PDOException' with message 'SQLSTATE[HY093]: Invalid parameter number: no parameters were bound' in /home/ubuntu/workspace/cst336/labs/lab6.3/api/getSearchResults.php:19
Stack trace:
#0 /home/ubuntu/workspace/cst336/labs/lab6.3/api/getSearchResults.php(19): PDOStatement->execute(NULL)
#1 {main}
  thrown in /home/ubuntu/workspace/cst336/labs/lab6.3/api/getSearchResults.php on line 19
[24-Mar-2019 03:30:19 UTC] PHP Fatal error:  Uncaught exception 'PDOException' with message 'SQLSTATE[HY093]: Invalid parameter number: no parameters were bound' in /home/ubuntu/workspace/cst336/labs/lab6.3/api/getSearchResults.php:19
Stack trace:
#0 /home/ubuntu/workspace/cst336/labs/lab6.3/api/getSearchResults.php(19): PDOStatement->execute(NULL)
#1 {main}
  thrown in /home/ubuntu/workspace/cst336/labs/lab6.3/api/getSearchResults.php on line 19
[24-Mar-2019 03:30:19 UTC] PHP Fatal error:  Uncaught exception 'PDOException' with message 'SQLSTATE[HY093]: Invalid parameter number: no parameters were bound' in /home/ubuntu/workspace/cst336/labs/lab6.3/api/getSearchResults.php:19
Stack trace:
#0 /home/ubuntu/workspace/cst336/labs/lab6.3/api/getSearchResults.php(19): PDOStatement->execute(NULL)
#1 {main}
  thrown in /home/ubuntu/workspace/cst336/labs/lab6.3/api/getSearchResults.php on line 19
[24-Mar-2019 03:30:20 UTC] PHP Fatal error:  Uncaught exception 'PDOException' with message 'SQLSTATE[HY093]: Invalid parameter number: no parameters were bound' in /home/ubuntu/workspace/cst336/labs/lab6.3/api/getSearchResults.php:19
Stack trace:
#0 /home/ubuntu/workspace/cst336/labs/lab6.3/api/getSearchResults.php(19): PDOStatement->execute(NULL)
#1 {main}
  thrown in /home/ubuntu/workspace/cst336/labs/lab6.3/api/getSearchResults.php on line 19
[24-Mar-2019 03:30:20 UTC] PHP Fatal error:  Uncaught exception 'PDOException' with message 'SQLSTATE[HY093]: Invalid parameter number: no parameters were bound' in /home/ubuntu/workspace/cst336/labs/lab6.3/api/getSearchResults.php:19
Stack trace:
#0 /home/ubuntu/workspace/cst336/labs/lab6.3/api/getSearchResults.php(19): PDOStatement->execute(NULL)
#1 {main}
  thrown in /home/ubuntu/workspace/cst336/labs/lab6.3/api/getSearchResults.php on line 19
[24-Mar-2019 03:30:20 UTC] PHP Fatal error:  Uncaught exception 'PDOException' with message 'SQLSTATE[HY093]: Invalid parameter number: no parameters were bound' in /home/ubuntu/workspace/cst336/labs/lab6.3/api/getSearchResults.php:19
Stack trace:
#0 /home/ubuntu/workspace/cst336/labs/lab6.3/api/getSearchResults.php(19): PDOStatement->execute(NULL)
#1 {main}
  thrown in /home/ubuntu/workspace/cst336/labs/lab6.3/api/getSearchResults.php on line 19
[24-Mar-2019 03:30:21 UTC] PHP Fatal error:  Uncaught exception 'PDOException' with message 'SQLSTATE[HY093]: Invalid parameter number: no parameters were bound' in /home/ubuntu/workspace/cst336/labs/lab6.3/api/getSearchResults.php:19
Stack trace:
#0 /home/ubuntu/workspace/cst336/labs/lab6.3/api/getSearchResults.php(19): PDOStatement->execute(NULL)
#1 {main}
  thrown in /home/ubuntu/workspace/cst336/labs/lab6.3/api/getSearchResults.php on line 19
[24-Mar-2019 03:30:21 UTC] PHP Fatal error:  Uncaught exception 'PDOException' with message 'SQLSTATE[HY093]: Invalid parameter number: no parameters were bound' in /home/ubuntu/workspace/cst336/labs/lab6.3/api/getSearchResults.php:19
Stack trace:
#0 /home/ubuntu/workspace/cst336/labs/lab6.3/api/getSearchResults.php(19): PDOStatement->execute(NULL)
#1 {main}
  thrown in /home/ubuntu/workspace/cst336/labs/lab6.3/api/getSearchResults.php on line 19
[24-Mar-2019 03:30:22 UTC] PHP Fatal error:  Uncaught exception 'PDOException' with message 'SQLSTATE[HY093]: Invalid parameter number: no parameters were bound' in /home/ubuntu/workspace/cst336/labs/lab6.3/api/getSearchResults.php:19
Stack trace:
#0 /home/ubuntu/workspace/cst336/labs/lab6.3/api/getSearchResults.php(19): PDOStatement->execute(NULL)
#1 {main}
  thrown in /home/ubuntu/workspace/cst336/labs/lab6.3/api/getSearchResults.php on line 19
[24-Mar-2019 03:30:22 UTC] PHP Fatal error:  Uncaught exception 'PDOException' with message 'SQLSTATE[HY093]: Invalid parameter number: no parameters were bound' in /home/ubuntu/workspace/cst336/labs/lab6.3/api/getSearchResults.php:19
Stack trace:
#0 /home/ubuntu/workspace/cst336/labs/lab6.3/api/getSearchResults.php(19): PDOStatement->execute(NULL)
#1 {main}
  thrown in /home/ubuntu/workspace/cst336/labs/lab6.3/api/getSearchResults.php on line 19
[24-Mar-2019 03:30:22 UTC] PHP Fatal error:  Uncaught exception 'PDOException' with message 'SQLSTATE[HY093]: Invalid parameter number: no parameters were bound' in /home/ubuntu/workspace/cst336/labs/lab6.3/api/getSearchResults.php:19
Stack trace:
#0 /home/ubuntu/workspace/cst336/labs/lab6.3/api/getSearchResults.php(19): PDOStatement->execute(NULL)
#1 {main}
  thrown in /home/ubuntu/workspace/cst336/labs/lab6.3/api/getSearchResults.php on line 19
[24-Mar-2019 03:34:42 UTC] PHP Fatal error:  Uncaught exception 'PDOException' with message 'SQLSTATE[HY093]: Invalid parameter number: no parameters were bound' in /home/ubuntu/workspace/cst336/labs/lab6.3/api/getSearchResults.php:19
Stack trace:
#0 /home/ubuntu/workspace/cst336/labs/lab6.3/api/getSearchResults.php(19): PDOStatement->execute(NULL)
#1 {main}
  thrown in /home/ubuntu/workspace/cst336/labs/lab6.3/api/getSearchResults.php on line 19
[24-Mar-2019 03:34:42 UTC] PHP Fatal error:  Uncaught exception 'PDOException' with message 'SQLSTATE[HY093]: Invalid parameter number: no parameters were bound' in /home/ubuntu/workspace/cst336/labs/lab6.3/api/getSearchResults.php:19
Stack trace:
#0 /home/ubuntu/workspace/cst336/labs/lab6.3/api/getSearchResults.php(19): PDOStatement->execute(NULL)
#1 {main}
  thrown in /home/ubuntu/workspace/cst336/labs/lab6.3/api/getSearchResults.php on line 19
[24-Mar-2019 03:34:43 UTC] PHP Fatal error:  Uncaught exception 'PDOException' with message 'SQLSTATE[HY093]: Invalid parameter number: no parameters were bound' in /home/ubuntu/workspace/cst336/labs/lab6.3/api/getSearchResults.php:19
Stack trace:
#0 /home/ubuntu/workspace/cst336/labs/lab6.3/api/getSearchResults.php(19): PDOStatement->execute(NULL)
#1 {main}
  thrown in /home/ubuntu/workspace/cst336/labs/lab6.3/api/getSearchResults.php on line 19
[24-Mar-2019 03:34:43 UTC] PHP Fatal error:  Uncaught exception 'PDOException' with message 'SQLSTATE[HY093]: Invalid parameter number: no parameters were bound' in /home/ubuntu/workspace/cst336/labs/lab6.3/api/getSearchResults.php:19
Stack trace:
#0 /home/ubuntu/workspace/cst336/labs/lab6.3/api/getSearchResults.php(19): PDOStatement->execute(NULL)
#1 {main}
  thrown in /home/ubuntu/workspace/cst336/labs/lab6.3/api/getSearchResults.php on line 19
[24-Mar-2019 03:34:43 UTC] PHP Fatal error:  Uncaught exception 'PDOException' with message 'SQLSTATE[HY093]: Invalid parameter number: no parameters were bound' in /home/ubuntu/workspace/cst336/labs/lab6.3/api/getSearchResults.php:19
Stack trace:
#0 /home/ubuntu/workspace/cst336/labs/lab6.3/api/getSearchResults.php(19): PDOStatement->execute(NULL)
#1 {main}
  thrown in /home/ubuntu/workspace/cst336/labs/lab6.3/api/getSearchResults.php on line 19
[24-Mar-2019 03:35:28 UTC] PHP Fatal error:  Uncaught exception 'PDOException' with message 'SQLSTATE[42S02]: Base table or view not found: 1146 Table 'ottermart.om_prduct' doesn't exist' in /home/ubuntu/workspace/cst336/labs/lab6.3/api/getSearchResults.php:19
Stack trace:
#0 /home/ubuntu/workspace/cst336/labs/lab6.3/api/getSearchResults.php(19): PDOStatement->execute(NULL)
#1 {main}
  thrown in /home/ubuntu/workspace/cst336/labs/lab6.3/api/getSearchResults.php on line 19
[24-Mar-2019 03:35:29 UTC] PHP Fatal error:  Uncaught exception 'PDOException' with message 'SQLSTATE[42S02]: Base table or view not found: 1146 Table 'ottermart.om_prduct' doesn't exist' in /home/ubuntu/workspace/cst336/labs/lab6.3/api/getSearchResults.php:19
Stack trace:
#0 /home/ubuntu/workspace/cst336/labs/lab6.3/api/getSearchResults.php(19): PDOStatement->execute(NULL)
#1 {main}
  thrown in /home/ubuntu/workspace/cst336/labs/lab6.3/api/getSearchResults.php on line 19
[24-Mar-2019 03:35:29 UTC] PHP Fatal error:  Uncaught exception 'PDOException' with message 'SQLSTATE[42S02]: Base table or view not found: 1146 Table 'ottermart.om_prduct' doesn't exist' in /home/ubuntu/workspace/cst336/labs/lab6.3/api/getSearchResults.php:19
Stack trace:
#0 /home/ubuntu/workspace/cst336/labs/lab6.3/api/getSearchResults.php(19): PDOStatement->execute(NULL)
#1 {main}
  thrown in /home/ubuntu/workspace/cst336/labs/lab6.3/api/getSearchResults.php on line 19
[24-Mar-2019 03:35:29 UTC] PHP Fatal error:  Uncaught exception 'PDOException' with message 'SQLSTATE[42S02]: Base table or view not found: 1146 Table 'ottermart.om_prduct' doesn't exist' in /home/ubuntu/workspace/cst336/labs/lab6.3/api/getSearchResults.php:19
Stack trace:
#0 /home/ubuntu/workspace/cst336/labs/lab6.3/api/getSearchResults.php(19): PDOStatement->execute(NULL)
#1 {main}
  thrown in /home/ubuntu/workspace/cst336/labs/lab6.3/api/getSearchResults.php on line 19
[24-Mar-2019 04:33:17 UTC] PHP Fatal error:  Uncaught exception 'PDOException' with message 'SQLSTATE[HY093]: Invalid parameter number: no parameters were bound' in /home/ubuntu/workspace/cst336/labs/lab6.3/api/getSearchResults.php:19
Stack trace:
#0 /home/ubuntu/workspace/cst336/labs/lab6.3/api/getSearchResults.php(19): PDOStatement->execute(NULL)
#1 {main}
  thrown in /home/ubuntu/workspace/cst336/labs/lab6.3/api/getSearchResults.php on line 19
[24-Mar-2019 04:33:35 UTC] PHP Fatal error:  Uncaught exception 'PDOException' with message 'SQLSTATE[HY093]: Invalid parameter number: no parameters were bound' in /home/ubuntu/workspace/cst336/labs/lab6.3/api/getSearchResults.php:19
Stack trace:
#0 /home/ubuntu/workspace/cst336/labs/lab6.3/api/getSearchResults.php(19): PDOStatement->execute(NULL)
#1 {main}
  thrown in /home/ubuntu/workspace/cst336/labs/lab6.3/api/getSearchResults.php on line 19
[24-Mar-2019 04:36:49 UTC] PHP Fatal error:  Uncaught exception 'PDOException' with message 'SQLSTATE[HY093]: Invalid parameter number: no parameters were bound' in /home/ubuntu/workspace/cst336/labs/lab6.3/api/getSearchResults.php:19
Stack trace:
#0 /home/ubuntu/workspace/cst336/labs/lab6.3/api/getSearchResults.php(19): PDOStatement->execute(NULL)
#1 {main}
  thrown in /home/ubuntu/workspace/cst336/labs/lab6.3/api/getSearchResults.php on line 19
[24-Mar-2019 04:39:27 UTC] PHP Fatal error:  Uncaught exception 'PDOException' with message 'SQLSTATE[HY093]: Invalid parameter number: no parameters were bound' in /home/ubuntu/workspace/cst336/labs/lab6.3/api/getSearchResults.php:17
Stack trace:
#0 /home/ubuntu/workspace/cst336/labs/lab6.3/api/getSearchResults.php(17): PDOStatement->execute()
#1 {main}
  thrown in /home/ubuntu/workspace/cst336/labs/lab6.3/api/getSearchResults.php on line 17
[24-Mar-2019 04:39:28 UTC] PHP Fatal error:  Uncaught exception 'PDOException' with message 'SQLSTATE[HY093]: Invalid parameter number: no parameters were bound' in /home/ubuntu/workspace/cst336/labs/lab6.3/api/getSearchResults.php:17
Stack trace:
#0 /home/ubuntu/workspace/cst336/labs/lab6.3/api/getSearchResults.php(17): PDOStatement->execute()
#1 {main}
  thrown in /home/ubuntu/workspace/cst336/labs/lab6.3/api/getSearchResults.php on line 17
[24-Mar-2019 04:39:29 UTC] PHP Fatal error:  Uncaught exception 'PDOException' with message 'SQLSTATE[HY093]: Invalid parameter number: no parameters were bound' in /home/ubuntu/workspace/cst336/labs/lab6.3/api/getSearchResults.php:17
Stack trace:
#0 /home/ubuntu/workspace/cst336/labs/lab6.3/api/getSearchResults.php(17): PDOStatement->execute()
#1 {main}
  thrown in /home/ubuntu/workspace/cst336/labs/lab6.3/api/getSearchResults.php on line 17
[24-Mar-2019 04:39:32 UTC] PHP Fatal error:  Uncaught exception 'PDOException' with message 'SQLSTATE[HY093]: Invalid parameter number: no parameters were bound' in /home/ubuntu/workspace/cst336/labs/lab6.3/api/getSearchResults.php:17
Stack trace:
#0 /home/ubuntu/workspace/cst336/labs/lab6.3/api/getSearchResults.php(17): PDOStatement->execute()
#1 {main}
  thrown in /home/ubuntu/workspace/cst336/labs/lab6.3/api/getSearchResults.php on line 17
[24-Mar-2019 04:50:06 UTC] PHP Fatal error:  Uncaught exception 'PDOException' with message 'SQLSTATE[HY093]: Invalid parameter number: no parameters were bound' in /home/ubuntu/workspace/cst336/labs/lab6.3/api/getSearchResults.php:20
Stack trace:
#0 /home/ubuntu/workspace/cst336/labs/lab6.3/api/getSearchResults.php(20): PDOStatement->execute(NULL)
#1 {main}
  thrown in /home/ubuntu/workspace/cst336/labs/lab6.3/api/getSearchResults.php on line 20
[24-Mar-2019 04:50:08 UTC] PHP Fatal error:  Uncaught exception 'PDOException' with message 'SQLSTATE[HY093]: Invalid parameter number: no parameters were bound' in /home/ubuntu/workspace/cst336/labs/lab6.3/api/getSearchResults.php:20
Stack trace:
#0 /home/ubuntu/workspace/cst336/labs/lab6.3/api/getSearchResults.php(20): PDOStatement->execute(NULL)
#1 {main}
  thrown in /home/ubuntu/workspace/cst336/labs/lab6.3/api/getSearchResults.php on line 20
[24-Mar-2019 04:50:28 UTC] PHP Fatal error:  Uncaught exception 'PDOException' with message 'SQLSTATE[HY093]: Invalid parameter number: no parameters were bound' in /home/ubuntu/workspace/cst336/labs/lab6.3/api/getSearchResults.php:20
Stack trace:
#0 /home/ubuntu/workspace/cst336/labs/lab6.3/api/getSearchResults.php(20): PDOStatement->execute(NULL)
#1 {main}
  thrown in /home/ubuntu/workspace/cst336/labs/lab6.3/api/getSearchResults.php on line 20
[24-Mar-2019 04:50:28 UTC] PHP Fatal error:  Uncaught exception 'PDOException' with message 'SQLSTATE[HY093]: Invalid parameter number: no parameters were bound' in /home/ubuntu/workspace/cst336/labs/lab6.3/api/getSearchResults.php:20
Stack trace:
#0 /home/ubuntu/workspace/cst336/labs/lab6.3/api/getSearchResults.php(20): PDOStatement->execute(NULL)
#1 {main}
  thrown in /home/ubuntu/workspace/cst336/labs/lab6.3/api/getSearchResults.php on line 20
[24-Mar-2019 04:50:28 UTC] PHP Fatal error:  Uncaught exception 'PDOException' with message 'SQLSTATE[HY093]: Invalid parameter number: no parameters were bound' in /home/ubuntu/workspace/cst336/labs/lab6.3/api/getSearchResults.php:20
Stack trace:
#0 /home/ubuntu/workspace/cst336/labs/lab6.3/api/getSearchResults.php(20): PDOStatement->execute(NULL)
#1 {main}
  thrown in /home/ubuntu/workspace/cst336/labs/lab6.3/api/getSearchResults.php on line 20
[24-Mar-2019 04:50:29 UTC] PHP Fatal error:  Uncaught exception 'PDOException' with message 'SQLSTATE[HY093]: Invalid parameter number: no parameters were bound' in /home/ubuntu/workspace/cst336/labs/lab6.3/api/getSearchResults.php:20
Stack trace:
#0 /home/ubuntu/workspace/cst336/labs/lab6.3/api/getSearchResults.php(20): PDOStatement->execute(NULL)
#1 {main}
  thrown in /home/ubuntu/workspace/cst336/labs/lab6.3/api/getSearchResults.php on line 20
[24-Mar-2019 04:50:29 UTC] PHP Fatal error:  Uncaught exception 'PDOException' with message 'SQLSTATE[HY093]: Invalid parameter number: no parameters were bound' in /home/ubuntu/workspace/cst336/labs/lab6.3/api/getSearchResults.php:20
Stack trace:
#0 /home/ubuntu/workspace/cst336/labs/lab6.3/api/getSearchResults.php(20): PDOStatement->execute(NULL)
#1 {main}
  thrown in /home/ubuntu/workspace/cst336/labs/lab6.3/api/getSearchResults.php on line 20
[24-Mar-2019 04:52:33 UTC] PHP Fatal error:  Uncaught exception 'PDOException' with message 'SQLSTATE[42S02]: Base table or view not found: 1146 Table 'ottermart.om_prduct' doesn't exist' in /home/ubuntu/workspace/cst336/labs/lab6.3/api/getSearchResults.php:20
Stack trace:
#0 /home/ubuntu/workspace/cst336/labs/lab6.3/api/getSearchResults.php(20): PDOStatement->execute(NULL)
#1 {main}
  thrown in /home/ubuntu/workspace/cst336/labs/lab6.3/api/getSearchResults.php on line 20
[24-Mar-2019 04:54:27 UTC] PHP Fatal error:  Uncaught exception 'PDOException' with message 'SQLSTATE[42S02]: Base table or view not found: 1146 Table 'ottermart.om_prduct' doesn't exist' in /home/ubuntu/workspace/cst336/labs/lab6.3/api/getSearchResults.php:20
Stack trace:
#0 /home/ubuntu/workspace/cst336/labs/lab6.3/api/getSearchResults.php(20): PDOStatement->execute(NULL)
#1 {main}
  thrown in /home/ubuntu/workspace/cst336/labs/lab6.3/api/getSearchResults.php on line 20
[24-Mar-2019 04:54:27 UTC] PHP Fatal error:  Uncaught exception 'PDOException' with message 'SQLSTATE[42S02]: Base table or view not found: 1146 Table 'ottermart.om_prduct' doesn't exist' in /home/ubuntu/workspace/cst336/labs/lab6.3/api/getSearchResults.php:20
Stack trace:
#0 /home/ubuntu/workspace/cst336/labs/lab6.3/api/getSearchResults.php(20): PDOStatement->execute(NULL)
#1 {main}
  thrown in /home/ubuntu/workspace/cst336/labs/lab6.3/api/getSearchResults.php on line 20
[24-Mar-2019 04:54:28 UTC] PHP Fatal error:  Uncaught exception 'PDOException' with message 'SQLSTATE[42S02]: Base table or view not found: 1146 Table 'ottermart.om_prduct' doesn't exist' in /home/ubuntu/workspace/cst336/labs/lab6.3/api/getSearchResults.php:20
Stack trace:
#0 /home/ubuntu/workspace/cst336/labs/lab6.3/api/getSearchResults.php(20): PDOStatement->execute(NULL)
#1 {main}
  thrown in /home/ubuntu/workspace/cst336/labs/lab6.3/api/getSearchResults.php on line 20
[24-Mar-2019 04:54:28 UTC] PHP Fatal error:  Uncaught exception 'PDOException' with message 'SQLSTATE[42S02]: Base table or view not found: 1146 Table 'ottermart.om_prduct' doesn't exist' in /home/ubuntu/workspace/cst336/labs/lab6.3/api/getSearchResults.php:20
Stack trace:
#0 /home/ubuntu/workspace/cst336/labs/lab6.3/api/getSearchResults.php(20): PDOStatement->execute(NULL)
#1 {main}
  thrown in /home/ubuntu/workspace/cst336/labs/lab6.3/api/getSearchResults.php on line 20
[24-Mar-2019 04:55:15 UTC] PHP Fatal error:  Uncaught exception 'PDOException' with message 'SQLSTATE[42S02]: Base table or view not found: 1146 Table 'ottermart.om_prduct' doesn't exist' in /home/ubuntu/workspace/cst336/labs/lab6.3/api/getSearchResults.php:20
Stack trace:
#0 /home/ubuntu/workspace/cst336/labs/lab6.3/api/getSearchResults.php(20): PDOStatement->execute(NULL)
#1 {main}
  thrown in /home/ubuntu/workspace/cst336/labs/lab6.3/api/getSearchResults.php on line 20
[24-Mar-2019 04:55:15 UTC] PHP Fatal error:  Uncaught exception 'PDOException' with message 'SQLSTATE[42S02]: Base table or view not found: 1146 Table 'ottermart.om_prduct' doesn't exist' in /home/ubuntu/workspace/cst336/labs/lab6.3/api/getSearchResults.php:20
Stack trace:
#0 /home/ubuntu/workspace/cst336/labs/lab6.3/api/getSearchResults.php(20): PDOStatement->execute(NULL)
#1 {main}
  thrown in /home/ubuntu/workspace/cst336/labs/lab6.3/api/getSearchResults.php on line 20
[24-Mar-2019 04:55:16 UTC] PHP Fatal error:  Uncaught exception 'PDOException' with message 'SQLSTATE[42S02]: Base table or view not found: 1146 Table 'ottermart.om_prduct' doesn't exist' in /home/ubuntu/workspace/cst336/labs/lab6.3/api/getSearchResults.php:20
Stack trace:
#0 /home/ubuntu/workspace/cst336/labs/lab6.3/api/getSearchResults.php(20): PDOStatement->execute(NULL)
#1 {main}
  thrown in /home/ubuntu/workspace/cst336/labs/lab6.3/api/getSearchResults.php on line 20
[24-Mar-2019 04:57:51 UTC] PHP Fatal error:  Uncaught exception 'PDOException' with message 'SQLSTATE[HY093]: Invalid parameter number: no parameters were bound' in /home/ubuntu/workspace/cst336/labs/lab6.3/api/getSearchResults.php:19
Stack trace:
#0 /home/ubuntu/workspace/cst336/labs/lab6.3/api/getSearchResults.php(19): PDOStatement->execute(Array)
#1 {main}
  thrown in /home/ubuntu/workspace/cst336/labs/lab6.3/api/getSearchResults.php on line 19
[24-Mar-2019 04:57:51 UTC] PHP Fatal error:  Uncaught exception 'PDOException' with message 'SQLSTATE[HY093]: Invalid parameter number: no parameters were bound' in /home/ubuntu/workspace/cst336/labs/lab6.3/api/getSearchResults.php:19
Stack trace:
#0 /home/ubuntu/workspace/cst336/labs/lab6.3/api/getSearchResults.php(19): PDOStatement->execute(Array)
#1 {main}
  thrown in /home/ubuntu/workspace/cst336/labs/lab6.3/api/getSearchResults.php on line 19
[24-Mar-2019 04:57:51 UTC] PHP Fatal error:  Uncaught exception 'PDOException' with message 'SQLSTATE[HY093]: Invalid parameter number: no parameters were bound' in /home/ubuntu/workspace/cst336/labs/lab6.3/api/getSearchResults.php:19
Stack trace:
#0 /home/ubuntu/workspace/cst336/labs/lab6.3/api/getSearchResults.php(19): PDOStatement->execute(Array)
#1 {main}
  thrown in /home/ubuntu/workspace/cst336/labs/lab6.3/api/getSearchResults.php on line 19
[24-Mar-2019 04:57:51 UTC] PHP Fatal error:  Uncaught exception 'PDOException' with message 'SQLSTATE[HY093]: Invalid parameter number: no parameters were bound' in /home/ubuntu/workspace/cst336/labs/lab6.3/api/getSearchResults.php:19
Stack trace:
#0 /home/ubuntu/workspace/cst336/labs/lab6.3/api/getSearchResults.php(19): PDOStatement->execute(Array)
#1 {main}
  thrown in /home/ubuntu/workspace/cst336/labs/lab6.3/api/getSearchResults.php on line 19
[24-Mar-2019 04:58:07 UTC] PHP Fatal error:  Uncaught exception 'PDOException' with message 'SQLSTATE[HY093]: Invalid parameter number: no parameters were bound' in /home/ubuntu/workspace/cst336/labs/lab6.3/api/getSearchResults.php:19
Stack trace:
#0 /home/ubuntu/workspace/cst336/labs/lab6.3/api/getSearchResults.php(19): PDOStatement->execute(Array)
#1 {main}
  thrown in /home/ubuntu/workspace/cst336/labs/lab6.3/api/getSearchResults.php on line 19
[24-Mar-2019 04:59:02 UTC] PHP Fatal error:  Uncaught exception 'PDOException' with message 'SQLSTATE[HY093]: Invalid parameter number: no parameters were bound' in /home/ubuntu/workspace/cst336/labs/lab6.3/api/getSearchResults.php:19
Stack trace:
#0 /home/ubuntu/workspace/cst336/labs/lab6.3/api/getSearchResults.php(19): PDOStatement->execute(Array)
#1 {main}
  thrown in /home/ubuntu/workspace/cst336/labs/lab6.3/api/getSearchResults.php on line 19
[24-Mar-2019 05:28:37 UTC] PHP Fatal error:  Uncaught exception 'PDOException' with message 'SQLSTATE[42S22]: Column not found: 1054 Unknown column 'price' in 'where clause'' in /home/ubuntu/workspace/cst336/labs/lab6.3/api/getSearchResults.php:34
Stack trace:
#0 /home/ubuntu/workspace/cst336/labs/lab6.3/api/getSearchResults.php(34): PDOStatement->execute(Array)
#1 {main}
  thrown in /home/ubuntu/workspace/cst336/labs/lab6.3/api/getSearchResults.php on line 34
[24-Mar-2019 05:28:38 UTC] PHP Fatal error:  Uncaught exception 'PDOException' with message 'SQLSTATE[42S22]: Column not found: 1054 Unknown column 'price' in 'where clause'' in /home/ubuntu/workspace/cst336/labs/lab6.3/api/getSearchResults.php:34
Stack trace:
#0 /home/ubuntu/workspace/cst336/labs/lab6.3/api/getSearchResults.php(34): PDOStatement->execute(Array)
#1 {main}
  thrown in /home/ubuntu/workspace/cst336/labs/lab6.3/api/getSearchResults.php on line 34
[24-Mar-2019 05:28:38 UTC] PHP Fatal error:  Uncaught exception 'PDOException' with message 'SQLSTATE[42S22]: Column not found: 1054 Unknown column 'price' in 'where clause'' in /home/ubuntu/workspace/cst336/labs/lab6.3/api/getSearchResults.php:34
Stack trace:
#0 /home/ubuntu/workspace/cst336/labs/lab6.3/api/getSearchResults.php(34): PDOStatement->execute(Array)
#1 {main}
  thrown in /home/ubuntu/workspace/cst336/labs/lab6.3/api/getSearchResults.php on line 34
[24-Mar-2019 05:28:38 UTC] PHP Fatal error:  Uncaught exception 'PDOException' with message 'SQLSTATE[42S22]: Column not found: 1054 Unknown column 'price' in 'where clause'' in /home/ubuntu/workspace/cst336/labs/lab6.3/api/getSearchResults.php:34
Stack trace:
#0 /home/ubuntu/workspace/cst336/labs/lab6.3/api/getSearchResults.php(34): PDOStatement->execute(Array)
#1 {main}
  thrown in /home/ubuntu/workspace/cst336/labs/lab6.3/api/getSearchResults.php on line 34
[24-Mar-2019 05:28:39 UTC] PHP Fatal error:  Uncaught exception 'PDOException' with message 'SQLSTATE[42S22]: Column not found: 1054 Unknown column 'price' in 'where clause'' in /home/ubuntu/workspace/cst336/labs/lab6.3/api/getSearchResults.php:34
Stack trace:
#0 /home/ubuntu/workspace/cst336/labs/lab6.3/api/getSearchResults.php(34): PDOStatement->execute(Array)
#1 {main}
  thrown in /home/ubuntu/workspace/cst336/labs/lab6.3/api/getSearchResults.php on line 34
[24-Mar-2019 05:28:39 UTC] PHP Fatal error:  Uncaught exception 'PDOException' with message 'SQLSTATE[42S22]: Column not found: 1054 Unknown column 'price' in 'where clause'' in /home/ubuntu/workspace/cst336/labs/lab6.3/api/getSearchResults.php:34
Stack trace:
#0 /home/ubuntu/workspace/cst336/labs/lab6.3/api/getSearchResults.php(34): PDOStatement->execute(Array)
#1 {main}
  thrown in /home/ubuntu/workspace/cst336/labs/lab6.3/api/getSearchResults.php on line 34
[24-Mar-2019 05:28:39 UTC] PHP Fatal error:  Uncaught exception 'PDOException' with message 'SQLSTATE[42S22]: Column not found: 1054 Unknown column 'price' in 'where clause'' in /home/ubuntu/workspace/cst336/labs/lab6.3/api/getSearchResults.php:34
Stack trace:
#0 /home/ubuntu/workspace/cst336/labs/lab6.3/api/getSearchResults.php(34): PDOStatement->execute(Array)
#1 {main}
  thrown in /home/ubuntu/workspace/cst336/labs/lab6.3/api/getSearchResults.php on line 34
[24-Mar-2019 05:28:55 UTC] PHP Fatal error:  Uncaught exception 'PDOException' with message 'SQLSTATE[42S22]: Column not found: 1054 Unknown column 'price' in 'where clause'' in /home/ubuntu/workspace/cst336/labs/lab6.3/api/getSearchResults.php:34
Stack trace:
#0 /home/ubuntu/workspace/cst336/labs/lab6.3/api/getSearchResults.php(34): PDOStatement->execute(Array)
#1 {main}
  thrown in /home/ubuntu/workspace/cst336/labs/lab6.3/api/getSearchResults.php on line 34
[24-Mar-2019 05:28:55 UTC] PHP Fatal error:  Uncaught exception 'PDOException' with message 'SQLSTATE[42S22]: Column not found: 1054 Unknown column 'price' in 'where clause'' in /home/ubuntu/workspace/cst336/labs/lab6.3/api/getSearchResults.php:34
Stack trace:
#0 /home/ubuntu/workspace/cst336/labs/lab6.3/api/getSearchResults.php(34): PDOStatement->execute(Array)
#1 {main}
  thrown in /home/ubuntu/workspace/cst336/labs/lab6.3/api/getSearchResults.php on line 34
[24-Mar-2019 05:28:56 UTC] PHP Fatal error:  Uncaught exception 'PDOException' with message 'SQLSTATE[42S22]: Column not found: 1054 Unknown column 'price' in 'where clause'' in /home/ubuntu/workspace/cst336/labs/lab6.3/api/getSearchResults.php:34
Stack trace:
#0 /home/ubuntu/workspace/cst336/labs/lab6.3/api/getSearchResults.php(34): PDOStatement->execute(Array)
#1 {main}
  thrown in /home/ubuntu/workspace/cst336/labs/lab6.3/api/getSearchResults.php on line 34
[24-Mar-2019 05:28:56 UTC] PHP Fatal error:  Uncaught exception 'PDOException' with message 'SQLSTATE[42S22]: Column not found: 1054 Unknown column 'price' in 'where clause'' in /home/ubuntu/workspace/cst336/labs/lab6.3/api/getSearchResults.php:34
Stack trace:
#0 /home/ubuntu/workspace/cst336/labs/lab6.3/api/getSearchResults.php(34): PDOStatement->execute(Array)
#1 {main}
  thrown in /home/ubuntu/workspace/cst336/labs/lab6.3/api/getSearchResults.php on line 34
[24-Mar-2019 05:28:56 UTC] PHP Fatal error:  Uncaught exception 'PDOException' with message 'SQLSTATE[42S22]: Column not found: 1054 Unknown column 'price' in 'where clause'' in /home/ubuntu/workspace/cst336/labs/lab6.3/api/getSearchResults.php:34
Stack trace:
#0 /home/ubuntu/workspace/cst336/labs/lab6.3/api/getSearchResults.php(34): PDOStatement->execute(Array)
#1 {main}
  thrown in /home/ubuntu/workspace/cst336/labs/lab6.3/api/getSearchResults.php on line 34
[24-Mar-2019 05:28:56 UTC] PHP Fatal error:  Uncaught exception 'PDOException' with message 'SQLSTATE[42S22]: Column not found: 1054 Unknown column 'price' in 'where clause'' in /home/ubuntu/workspace/cst336/labs/lab6.3/api/getSearchResults.php:34
Stack trace:
#0 /home/ubuntu/workspace/cst336/labs/lab6.3/api/getSearchResults.php(34): PDOStatement->execute(Array)
#1 {main}
  thrown in /home/ubuntu/workspace/cst336/labs/lab6.3/api/getSearchResults.php on line 34
[24-Mar-2019 05:28:57 UTC] PHP Fatal error:  Uncaught exception 'PDOException' with message 'SQLSTATE[42S22]: Column not found: 1054 Unknown column 'price' in 'where clause'' in /home/ubuntu/workspace/cst336/labs/lab6.3/api/getSearchResults.php:34
Stack trace:
#0 /home/ubuntu/workspace/cst336/labs/lab6.3/api/getSearchResults.php(34): PDOStatement->execute(Array)
#1 {main}
  thrown in /home/ubuntu/workspace/cst336/labs/lab6.3/api/getSearchResults.php on line 34
[24-Mar-2019 05:29:04 UTC] PHP Fatal error:  Uncaught exception 'PDOException' with message 'SQLSTATE[42S22]: Column not found: 1054 Unknown column 'price' in 'where clause'' in /home/ubuntu/workspace/cst336/labs/lab6.3/api/getSearchResults.php:34
Stack trace:
#0 /home/ubuntu/workspace/cst336/labs/lab6.3/api/getSearchResults.php(34): PDOStatement->execute(Array)
#1 {main}
  thrown in /home/ubuntu/workspace/cst336/labs/lab6.3/api/getSearchResults.php on line 34
[24-Mar-2019 05:29:04 UTC] PHP Fatal error:  Uncaught exception 'PDOException' with message 'SQLSTATE[42S22]: Column not found: 1054 Unknown column 'price' in 'where clause'' in /home/ubuntu/workspace/cst336/labs/lab6.3/api/getSearchResults.php:34
Stack trace:
#0 /home/ubuntu/workspace/cst336/labs/lab6.3/api/getSearchResults.php(34): PDOStatement->execute(Array)
#1 {main}
  thrown in /home/ubuntu/workspace/cst336/labs/lab6.3/api/getSearchResults.php on line 34
[24-Mar-2019 05:30:08 UTC] PHP Fatal error:  Uncaught exception 'PDOException' with message 'SQLSTATE[42S22]: Column not found: 1054 Unknown column 'price' in 'where clause'' in /home/ubuntu/workspace/cst336/labs/lab6.3/api/getSearchResults.php:34
Stack trace:
#0 /home/ubuntu/workspace/cst336/labs/lab6.3/api/getSearchResults.php(34): PDOStatement->execute(Array)
#1 {main}
  thrown in /home/ubuntu/workspace/cst336/labs/lab6.3/api/getSearchResults.php on line 34
[24-Mar-2019 05:55:22 UTC] PHP Fatal error:  Uncaught exception 'PDOException' with message 'SQLSTATE[42S22]: Column not found: 1054 Unknown column 'price' in 'where clause'' in /home/ubuntu/workspace/cst336/labs/lab6.3/api/getSearchResults.php:43
Stack trace:
#0 /home/ubuntu/workspace/cst336/labs/lab6.3/api/getSearchResults.php(43): PDOStatement->execute(Array)
#1 {main}
  thrown in /home/ubuntu/workspace/cst336/labs/lab6.3/api/getSearchResults.php on line 43
[24-Mar-2019 05:55:22 UTC] PHP Fatal error:  Uncaught exception 'PDOException' with message 'SQLSTATE[42S22]: Column not found: 1054 Unknown column 'price' in 'where clause'' in /home/ubuntu/workspace/cst336/labs/lab6.3/api/getSearchResults.php:43
Stack trace:
#0 /home/ubuntu/workspace/cst336/labs/lab6.3/api/getSearchResults.php(43): PDOStatement->execute(Array)
#1 {main}
  thrown in /home/ubuntu/workspace/cst336/labs/lab6.3/api/getSearchResults.php on line 43
[24-Mar-2019 05:55:23 UTC] PHP Fatal error:  Uncaught exception 'PDOException' with message 'SQLSTATE[42S22]: Column not found: 1054 Unknown column 'price' in 'where clause'' in /home/ubuntu/workspace/cst336/labs/lab6.3/api/getSearchResults.php:43
Stack trace:
#0 /home/ubuntu/workspace/cst336/labs/lab6.3/api/getSearchResults.php(43): PDOStatement->execute(Array)
#1 {main}
  thrown in /home/ubuntu/workspace/cst336/labs/lab6.3/api/getSearchResults.php on line 43
[24-Mar-2019 05:55:23 UTC] PHP Fatal error:  Uncaught exception 'PDOException' with message 'SQLSTATE[42S22]: Column not found: 1054 Unknown column 'price' in 'where clause'' in /home/ubuntu/workspace/cst336/labs/lab6.3/api/getSearchResults.php:43
Stack trace:
#0 /home/ubuntu/workspace/cst336/labs/lab6.3/api/getSearchResults.php(43): PDOStatement->execute(Array)
#1 {main}
  thrown in /home/ubuntu/workspace/cst336/labs/lab6.3/api/getSearchResults.php on line 43
[24-Mar-2019 05:55:23 UTC] PHP Fatal error:  Uncaught exception 'PDOException' with message 'SQLSTATE[42S22]: Column not found: 1054 Unknown column 'price' in 'where clause'' in /home/ubuntu/workspace/cst336/labs/lab6.3/api/getSearchResults.php:43
Stack trace:
#0 /home/ubuntu/workspace/cst336/labs/lab6.3/api/getSearchResults.php(43): PDOStatement->execute(Array)
#1 {main}
  thrown in /home/ubuntu/workspace/cst336/labs/lab6.3/api/getSearchResults.php on line 43
[24-Mar-2019 05:55:23 UTC] PHP Fatal error:  Uncaught exception 'PDOException' with message 'SQLSTATE[42S22]: Column not found: 1054 Unknown column 'price' in 'where clause'' in /home/ubuntu/workspace/cst336/labs/lab6.3/api/getSearchResults.php:43
Stack trace:
#0 /home/ubuntu/workspace/cst336/labs/lab6.3/api/getSearchResults.php(43): PDOStatement->execute(Array)
#1 {main}
  thrown in /home/ubuntu/workspace/cst336/labs/lab6.3/api/getSearchResults.php on line 43
[24-Mar-2019 05:55:24 UTC] PHP Fatal error:  Uncaught exception 'PDOException' with message 'SQLSTATE[42S22]: Column not found: 1054 Unknown column 'price' in 'where clause'' in /home/ubuntu/workspace/cst336/labs/lab6.3/api/getSearchResults.php:43
Stack trace:
#0 /home/ubuntu/workspace/cst336/labs/lab6.3/api/getSearchResults.php(43): PDOStatement->execute(Array)
#1 {main}
  thrown in /home/ubuntu/workspace/cst336/labs/lab6.3/api/getSearchResults.php on line 43
[24-Mar-2019 05:55:24 UTC] PHP Fatal error:  Uncaught exception 'PDOException' with message 'SQLSTATE[42S22]: Column not found: 1054 Unknown column 'price' in 'where clause'' in /home/ubuntu/workspace/cst336/labs/lab6.3/api/getSearchResults.php:43
Stack trace:
#0 /home/ubuntu/workspace/cst336/labs/lab6.3/api/getSearchResults.php(43): PDOStatement->execute(Array)
#1 {main}
  thrown in /home/ubuntu/workspace/cst336/labs/lab6.3/api/getSearchResults.php on line 43
[24-Mar-2019 05:55:24 UTC] PHP Fatal error:  Uncaught exception 'PDOException' with message 'SQLSTATE[42S22]: Column not found: 1054 Unknown column 'price' in 'where clause'' in /home/ubuntu/workspace/cst336/labs/lab6.3/api/getSearchResults.php:43
Stack trace:
#0 /home/ubuntu/workspace/cst336/labs/lab6.3/api/getSearchResults.php(43): PDOStatement->execute(Array)
#1 {main}
  thrown in /home/ubuntu/workspace/cst336/labs/lab6.3/api/getSearchResults.php on line 43
[24-Mar-2019 05:55:24 UTC] PHP Fatal error:  Uncaught exception 'PDOException' with message 'SQLSTATE[42S22]: Column not found: 1054 Unknown column 'price' in 'where clause'' in /home/ubuntu/workspace/cst336/labs/lab6.3/api/getSearchResults.php:43
Stack trace:
#0 /home/ubuntu/workspace/cst336/labs/lab6.3/api/getSearchResults.php(43): PDOStatement->execute(Array)
#1 {main}
  thrown in /home/ubuntu/workspace/cst336/labs/lab6.3/api/getSearchResults.php on line 43
[24-Mar-2019 05:55:26 UTC] PHP Fatal error:  Uncaught exception 'PDOException' with message 'SQLSTATE[42S22]: Column not found: 1054 Unknown column 'price' in 'where clause'' in /home/ubuntu/workspace/cst336/labs/lab6.3/api/getSearchResults.php:43
Stack trace:
#0 /home/ubuntu/workspace/cst336/labs/lab6.3/api/getSearchResults.php(43): PDOStatement->execute(Array)
#1 {main}
  thrown in /home/ubuntu/workspace/cst336/labs/lab6.3/api/getSearchResults.php on line 43
[24-Mar-2019 05:55:26 UTC] PHP Fatal error:  Uncaught exception 'PDOException' with message 'SQLSTATE[42S22]: Column not found: 1054 Unknown column 'price' in 'where clause'' in /home/ubuntu/workspace/cst336/labs/lab6.3/api/getSearchResults.php:43
Stack trace:
#0 /home/ubuntu/workspace/cst336/labs/lab6.3/api/getSearchResults.php(43): PDOStatement->execute(Array)
#1 {main}
  thrown in /home/ubuntu/workspace/cst336/labs/lab6.3/api/getSearchResults.php on line 43
[24-Mar-2019 05:55:27 UTC] PHP Fatal error:  Uncaught exception 'PDOException' with message 'SQLSTATE[42S22]: Column not found: 1054 Unknown column 'price' in 'where clause'' in /home/ubuntu/workspace/cst336/labs/lab6.3/api/getSearchResults.php:43
Stack trace:
#0 /home/ubuntu/workspace/cst336/labs/lab6.3/api/getSearchResults.php(43): PDOStatement->execute(Array)
#1 {main}
  thrown in /home/ubuntu/workspace/cst336/labs/lab6.3/api/getSearchResults.php on line 43
[24-Mar-2019 05:55:28 UTC] PHP Fatal error:  Uncaught exception 'PDOException' with message 'SQLSTATE[42S22]: Column not found: 1054 Unknown column 'price' in 'where clause'' in /home/ubuntu/workspace/cst336/labs/lab6.3/api/getSearchResults.php:43
Stack trace:
#0 /home/ubuntu/workspace/cst336/labs/lab6.3/api/getSearchResults.php(43): PDOStatement->execute(Array)
#1 {main}
  thrown in /home/ubuntu/workspace/cst336/labs/lab6.3/api/getSearchResults.php on line 43
[24-Mar-2019 05:55:28 UTC] PHP Fatal error:  Uncaught exception 'PDOException' with message 'SQLSTATE[42S22]: Column not found: 1054 Unknown column 'price' in 'where clause'' in /home/ubuntu/workspace/cst336/labs/lab6.3/api/getSearchResults.php:43
Stack trace:
#0 /home/ubuntu/workspace/cst336/labs/lab6.3/api/getSearchResults.php(43): PDOStatement->execute(Array)
#1 {main}
  thrown in /home/ubuntu/workspace/cst336/labs/lab6.3/api/getSearchResults.php on line 43
[24-Mar-2019 05:55:52 UTC] PHP Fatal error:  Uncaught exception 'PDOException' with message 'SQLSTATE[42S22]: Column not found: 1054 Unknown column 'price' in 'order clause'' in /home/ubuntu/workspace/cst336/labs/lab6.3/api/getSearchResults.php:43
Stack trace:
#0 /home/ubuntu/workspace/cst336/labs/lab6.3/api/getSearchResults.php(43): PDOStatement->execute(Array)
#1 {main}
  thrown in /home/ubuntu/workspace/cst336/labs/lab6.3/api/getSearchResults.php on line 43
[24-Mar-2019 05:55:53 UTC] PHP Fatal error:  Uncaught exception 'PDOException' with message 'SQLSTATE[42S22]: Column not found: 1054 Unknown column 'price' in 'order clause'' in /home/ubuntu/workspace/cst336/labs/lab6.3/api/getSearchResults.php:43
Stack trace:
#0 /home/ubuntu/workspace/cst336/labs/lab6.3/api/getSearchResults.php(43): PDOStatement->execute(Array)
#1 {main}
  thrown in /home/ubuntu/workspace/cst336/labs/lab6.3/api/getSearchResults.php on line 43
[24-Mar-2019 05:55:53 UTC] PHP Fatal error:  Uncaught exception 'PDOException' with message 'SQLSTATE[42S22]: Column not found: 1054 Unknown column 'price' in 'order clause'' in /home/ubuntu/workspace/cst336/labs/lab6.3/api/getSearchResults.php:43
Stack trace:
#0 /home/ubuntu/workspace/cst336/labs/lab6.3/api/getSearchResults.php(43): PDOStatement->execute(Array)
#1 {main}
  thrown in /home/ubuntu/workspace/cst336/labs/lab6.3/api/getSearchResults.php on line 43
[26-Mar-2019 03:39:15 UTC] PHP Fatal error:  Uncaught exception 'PDOException' with message 'SQLSTATE[42000]: Syntax error or access violation: 1064 You have an error in your SQL syntax; check the manual that corresponds to your MySQL server version for the right syntax to use near 'SELELCT * 
            FROM om_product
            NATURAL JOIN om_purchase
    ' at line 1' in /home/ubuntu/workspace/cst336/labs/lab6.3/api/getPurchaseHistory.php:16
Stack trace:
#0 /home/ubuntu/workspace/cst336/labs/lab6.3/api/getPurchaseHistory.php(16): PDOStatement->execute(Array)
#1 {main}
  thrown in /home/ubuntu/workspace/cst336/labs/lab6.3/api/getPurchaseHistory.php on line 16
[26-Mar-2019 03:39:32 UTC] PHP Fatal error:  Uncaught exception 'PDOException' with message 'SQLSTATE[42000]: Syntax error or access violation: 1064 You have an error in your SQL syntax; check the manual that corresponds to your MySQL server version for the right syntax to use near 'SELELCT * 
            FROM om_product
            NATURAL JOIN om_purchase
    ' at line 1' in /home/ubuntu/workspace/cst336/labs/lab6.3/api/getPurchaseHistory.php:16
Stack trace:
#0 /home/ubuntu/workspace/cst336/labs/lab6.3/api/getPurchaseHistory.php(16): PDOStatement->execute(Array)
#1 {main}
  thrown in /home/ubuntu/workspace/cst336/labs/lab6.3/api/getPurchaseHistory.php on line 16
[26-Mar-2019 03:45:06 UTC] PHP Fatal error:  Uncaught exception 'PDOException' with message 'SQLSTATE[42000]: Syntax error or access violation: 1064 You have an error in your SQL syntax; check the manual that corresponds to your MySQL server version for the right syntax to use near 'SELELCT * 
            FROM om_product
            NATURAL JOIN om_purchase
    ' at line 1' in /home/ubuntu/workspace/cst336/labs/lab6.3/api/getPurchaseHistory.php:16
Stack trace:
#0 /home/ubuntu/workspace/cst336/labs/lab6.3/api/getPurchaseHistory.php(16): PDOStatement->execute(Array)
#1 {main}
  thrown in /home/ubuntu/workspace/cst336/labs/lab6.3/api/getPurchaseHistory.php on line 16
[26-Mar-2019 03:45:11 UTC] PHP Fatal error:  Uncaught exception 'PDOException' with message 'SQLSTATE[42000]: Syntax error or access violation: 1064 You have an error in your SQL syntax; check the manual that corresponds to your MySQL server version for the right syntax to use near 'SELELCT * 
            FROM om_product
            NATURAL JOIN om_purchase
    ' at line 1' in /home/ubuntu/workspace/cst336/labs/lab6.3/api/getPurchaseHistory.php:16
Stack trace:
#0 /home/ubuntu/workspace/cst336/labs/lab6.3/api/getPurchaseHistory.php(16): PDOStatement->execute(Array)
#1 {main}
  thrown in /home/ubuntu/workspace/cst336/labs/lab6.3/api/getPurchaseHistory.php on line 16
[26-Mar-2019 03:47:56 UTC] PHP Fatal error:  Uncaught exception 'PDOException' with message 'SQLSTATE[42000]: Syntax error or access violation: 1064 You have an error in your SQL syntax; check the manual that corresponds to your MySQL server version for the right syntax to use near 'SELELCT * 
            FROM om_product
            NATURAL JOIN om_purchase
    ' at line 1' in /home/ubuntu/workspace/cst336/labs/lab6.3/api/getPurchaseHistory.php:16
Stack trace:
#0 /home/ubuntu/workspace/cst336/labs/lab6.3/api/getPurchaseHistory.php(16): PDOStatement->execute(Array)
#1 {main}
  thrown in /home/ubuntu/workspace/cst336/labs/lab6.3/api/getPurchaseHistory.php on line 16
[26-Mar-2019 03:50:06 UTC] PHP Fatal error:  Uncaught exception 'PDOException' with message 'SQLSTATE[42000]: Syntax error or access violation: 1064 You have an error in your SQL syntax; check the manual that corresponds to your MySQL server version for the right syntax to use near 'SELELCT * 
            FROM om_product
            NATURAL JOIN om_purchase
    ' at line 1' in /home/ubuntu/workspace/cst336/labs/lab6.3/api/getPurchaseHistory.php:16
Stack trace:
#0 /home/ubuntu/workspace/cst336/labs/lab6.3/api/getPurchaseHistory.php(16): PDOStatement->execute(Array)
#1 {main}
  thrown in /home/ubuntu/workspace/cst336/labs/lab6.3/api/getPurchaseHistory.php on line 16
[26-Mar-2019 03:59:49 UTC] PHP Fatal error:  Uncaught exception 'PDOException' with message 'SQLSTATE[42000]: Syntax error or access violation: 1064 You have an error in your SQL syntax; check the manual that corresponds to your MySQL server version for the right syntax to use near 'SELELCT * 
            FROM om_product
            NATURAL JOIN om_purchase
    ' at line 1' in /home/ubuntu/workspace/cst336/labs/lab6.3/api/getPurchaseHistory.php:16
Stack trace:
#0 /home/ubuntu/workspace/cst336/labs/lab6.3/api/getPurchaseHistory.php(16): PDOStatement->execute(Array)
#1 {main}
  thrown in /home/ubuntu/workspace/cst336/labs/lab6.3/api/getPurchaseHistory.php on line 16
[26-Mar-2019 04:00:03 UTC] PHP Fatal error:  Uncaught exception 'PDOException' with message 'SQLSTATE[42000]: Syntax error or access violation: 1064 You have an error in your SQL syntax; check the manual that corresponds to your MySQL server version for the right syntax to use near 'SELELCT * 
            FROM om_product
            NATURAL JOIN om_purchase
    ' at line 1' in /home/ubuntu/workspace/cst336/labs/lab6.3/api/getPurchaseHistory.php:16
Stack trace:
#0 /home/ubuntu/workspace/cst336/labs/lab6.3/api/getPurchaseHistory.php(16): PDOStatement->execute(Array)
#1 {main}
  thrown in /home/ubuntu/workspace/cst336/labs/lab6.3/api/getPurchaseHistory.php on line 16
[26-Mar-2019 04:04:58 UTC] PHP Fatal error:  Uncaught exception 'PDOException' with message 'SQLSTATE[42000]: Syntax error or access violation: 1064 You have an error in your SQL syntax; check the manual that corresponds to your MySQL server version for the right syntax to use near 'SELELCT * 
            FROM om_product
            NATURAL JOIN om_purchase
    ' at line 1' in /home/ubuntu/workspace/cst336/labs/lab6.3/api/getPurchaseHistory.php:15
Stack trace:
#0 /home/ubuntu/workspace/cst336/labs/lab6.3/api/getPurchaseHistory.php(15): PDOStatement->execute(Array)
#1 {main}
  thrown in /home/ubuntu/workspace/cst336/labs/lab6.3/api/getPurchaseHistory.php on line 15
[12-Apr-2019 07:39:20 UTC] PHP Fatal error:  Uncaught exception 'PDOException' with message 'SQLSTATE[42S22]: Column not found: 1054 Unknown column 'productPrice' in 'order clause'' in /home/ubuntu/workspace/cst336/labs/lab6.3/api/getProducts.php:18
Stack trace:
#0 /home/ubuntu/workspace/cst336/labs/lab6.3/api/getProducts.php(18): PDOStatement->execute()
#1 {main}
  thrown in /home/ubuntu/workspace/cst336/labs/lab6.3/api/getProducts.php on line 18
[12-Apr-2019 07:39:23 UTC] PHP Fatal error:  Uncaught exception 'PDOException' with message 'SQLSTATE[42S22]: Column not found: 1054 Unknown column 'productPrice' in 'order clause'' in /home/ubuntu/workspace/cst336/labs/lab6.3/api/getProducts.php:18
Stack trace:
#0 /home/ubuntu/workspace/cst336/labs/lab6.3/api/getProducts.php(18): PDOStatement->execute()
#1 {main}
  thrown in /home/ubuntu/workspace/cst336/labs/lab6.3/api/getProducts.php on line 18
[12-Apr-2019 07:39:41 UTC] PHP Fatal error:  Uncaught exception 'PDOException' with message 'SQLSTATE[42S22]: Column not found: 1054 Unknown column 'productPrice' in 'order clause'' in /home/ubuntu/workspace/cst336/labs/lab6.3/api/getProducts.php:18
Stack trace:
#0 /home/ubuntu/workspace/cst336/labs/lab6.3/api/getProducts.php(18): PDOStatement->execute()
#1 {main}
  thrown in /home/ubuntu/workspace/cst336/labs/lab6.3/api/getProducts.php on line 18
[12-Apr-2019 20:49:39 UTC] PHP Fatal error:  Uncaught exception 'PDOException' with message 'SQLSTATE[42S22]: Column not found: 1054 Unknown column 'productPrice' in 'order clause'' in /home/ubuntu/workspace/cst336/labs/lab6.3/api/getProducts.php:18
Stack trace:
#0 /home/ubuntu/workspace/cst336/labs/lab6.3/api/getProducts.php(18): PDOStatement->execute()
#1 {main}
  thrown in /home/ubuntu/workspace/cst336/labs/lab6.3/api/getProducts.php on line 18
[12-Apr-2019 20:49:41 UTC] PHP Fatal error:  Uncaught exception 'PDOException' with message 'SQLSTATE[42S22]: Column not found: 1054 Unknown column 'productPrice' in 'order clause'' in /home/ubuntu/workspace/cst336/labs/lab6.3/api/getProducts.php:18
Stack trace:
#0 /home/ubuntu/workspace/cst336/labs/lab6.3/api/getProducts.php(18): PDOStatement->execute()
#1 {main}
  thrown in /home/ubuntu/workspace/cst336/labs/lab6.3/api/getProducts.php on line 18
[12-Apr-2019 20:49:55 UTC] PHP Fatal error:  Uncaught exception 'PDOException' with message 'SQLSTATE[42S22]: Column not found: 1054 Unknown column 'productPrice' in 'order clause'' in /home/ubuntu/workspace/cst336/labs/lab6.3/api/getProducts.php:18
Stack trace:
#0 /home/ubuntu/workspace/cst336/labs/lab6.3/api/getProducts.php(18): PDOStatement->execute()
#1 {main}
  thrown in /home/ubuntu/workspace/cst336/labs/lab6.3/api/getProducts.php on line 18
